Log file open, 01/08/21 07:58:16
LogInit: Display: Running engine for game: CollabPrototype2RPG
LogPlatformFile: Not using cached read wrapper
LogTaskGraph: Started task graph with 5 named threads and 20 total threads with 3 sets of task threads.
LogStats: Stats thread started at 0.377880
LogD3D11RHI: Loaded GFSDK_Aftermath_Lib.x64.dll
LogICUInternationalization: ICU TimeZone Detection - Raw Offset: +0:00, Platform Override: ''
LogPluginManager: Mounting plugin Paper2D
LogPluginManager: Mounting plugin AISupport
LogPluginManager: Mounting plugin LightPropagationVolume
LogPluginManager: Mounting plugin CameraShakePreviewer
LogPluginManager: Mounting plugin ActorLayerUtilities
LogPluginManager: Mounting plugin AnimationSharing
LogPluginManager: Mounting plugin CLionSourceCodeAccess
LogPluginManager: Mounting plugin CodeLiteSourceCodeAccess
LogPluginManager: Mounting plugin GitSourceControl
LogPluginManager: Mounting plugin KDevelopSourceCodeAccess
LogPluginManager: Mounting plugin NullSourceCodeAccess
LogPluginManager: Mounting plugin PerforceSourceControl
LogPluginManager: Mounting plugin PlasticSourceControl
LogPluginManager: Mounting plugin RiderSourceCodeAccess
LogPluginManager: Mounting plugin SubversionSourceControl
LogPluginManager: Mounting plugin UObjectPlugin
LogPluginManager: Mounting plugin VisualStudioCodeSourceCodeAccess
LogPluginManager: Mounting plugin VisualStudioSourceCodeAccess
LogPluginManager: Mounting plugin XCodeSourceCodeAccess
LogPluginManager: Mounting plugin AssetManagerEditor
LogPluginManager: Mounting plugin CryptoKeys
LogPluginManager: Mounting plugin CurveEditorTools
LogPluginManager: Mounting plugin DataValidation
LogPluginManager: Mounting plugin EditorScriptingUtilities
LogPluginManager: Mounting plugin FacialAnimation
LogPluginManager: Mounting plugin GameplayTagsEditor
LogPluginManager: Mounting plugin GeometryMode
LogPluginManager: Mounting plugin MacGraphicsSwitching
LogPluginManager: Mounting plugin MaterialAnalyzer
LogPluginManager: Mounting plugin MobileLauncherProfileWizard
LogPluginManager: Mounting plugin PluginBrowser
LogPluginManager: Mounting plugin SpeedTreeImporter
LogPluginManager: Mounting plugin DatasmithContent
LogPluginManager: Mounting plugin VariantManagerContent
LogPluginManager: Mounting plugin AlembicImporter
LogPluginManager: Mounting plugin AutomationUtils
LogPluginManager: Mounting plugin BackChannel
LogPluginManager: Mounting plugin ChaosCloth
LogPluginManager: Mounting plugin ChaosClothEditor
LogPluginManager: Mounting plugin ChaosEditor
LogPluginManager: Mounting plugin ChaosNiagara
LogPluginManager: Mounting plugin ChaosSolverPlugin
LogPluginManager: Mounting plugin CharacterAI
LogPluginManager: Mounting plugin GeometryCache
LogPluginManager: Mounting plugin GeometryCollectionPlugin
LogPluginManager: Mounting plugin GeometryProcessing
LogPluginManager: Mounting plugin PlanarCut
LogPluginManager: Mounting plugin PlatformCrypto
LogPluginManager: Mounting plugin ProxyLODPlugin
LogPluginManager: Mounting plugin SkeletalReduction
LogPluginManager: Mounting plugin Niagara
LogPluginManager: Mounting plugin MagicLeap
LogPluginManager: Mounting plugin MagicLeapLightEstimation
LogPluginManager: Mounting plugin MagicLeapMedia
LogPluginManager: Mounting plugin MagicLeapPassableWorld
LogPluginManager: Mounting plugin MLSDK
LogPluginManager: Mounting plugin AndroidMedia
LogPluginManager: Mounting plugin AvfMedia
LogPluginManager: Mounting plugin ImgMedia
LogPluginManager: Mounting plugin MediaCompositing
LogPluginManager: Mounting plugin MediaPlayerEditor
LogPluginManager: Mounting plugin WebMMedia
LogPluginManager: Mounting plugin WmfMedia
LogPluginManager: Mounting plugin MeshPainting
LogPluginManager: Mounting plugin TcpMessaging
LogPluginManager: Mounting plugin UdpMessaging
LogPluginManager: Mounting plugin ActorSequence
LogPluginManager: Mounting plugin LevelSequenceEditor
LogPluginManager: Mounting plugin MatineeToLevelSequence
LogPluginManager: Mounting plugin MovieRenderPipeline
LogPluginManager: Mounting plugin TemplateSequence
LogPluginManager: Mounting plugin NetcodeUnitTest
LogPluginManager: Mounting plugin NUTUnrealEngine4
LogPluginManager: Mounting plugin OnlineSubsystemGooglePlay
LogPluginManager: Mounting plugin OnlineSubsystemIOS
LogPluginManager: Mounting plugin OnlineSubsystem
LogPluginManager: Mounting plugin OnlineSubsystemNull
LogPluginManager: Mounting plugin OnlineSubsystemUtils
LogPluginManager: Mounting plugin LauncherChunkInstaller
LogPluginManager: Mounting plugin AndroidDeviceProfileSelector
LogPluginManager: Mounting plugin AndroidMoviePlayer
LogPluginManager: Mounting plugin AndroidPermission
LogPluginManager: Mounting plugin AppleImageUtils
LogPluginManager: Mounting plugin AppleMoviePlayer
LogPluginManager: Mounting plugin ArchVisCharacter
LogPluginManager: Mounting plugin AssetTags
LogPluginManager: Mounting plugin AudioCapture
LogPluginManager: Mounting plugin CableComponent
LogPluginManager: Mounting plugin CustomMeshComponent
LogPluginManager: Mounting plugin EditableMesh
LogPluginManager: Mounting plugin ExampleDeviceProfileSelector
LogPluginManager: Mounting plugin GoogleCloudMessaging
LogPluginManager: Mounting plugin GooglePAD
LogPluginManager: Mounting plugin IOSDeviceProfileSelector
LogPluginManager: Mounting plugin LinuxDeviceProfileSelector
LogPluginManager: Mounting plugin LocationServicesBPLibrary
LogPluginManager: Mounting plugin MobilePatchingUtils
LogPluginManager: Mounting plugin OculusVR
LogPluginManager: Mounting plugin PhysXVehicles
LogPluginManager: Mounting plugin PostSplashScreen
LogPluginManager: Mounting plugin ProceduralMeshComponent
LogPluginManager: Mounting plugin RuntimePhysXCooking
LogPluginManager: Mounting plugin SignificanceManager
LogPluginManager: Mounting plugin SoundFields
LogPluginManager: Mounting plugin SteamVR
LogPluginManager: Mounting plugin Synthesis
LogPluginManager: Mounting plugin WebMMoviePlayer
LogPluginManager: Mounting plugin WindowsMoviePlayer
LogPluginManager: Mounting plugin ScreenshotTools
LogInit: Using libcurl 7.55.1-DEV
LogInit:  - built for x86_64-pc-win32
LogInit:  - supports SSL with OpenSSL/1.1.1
LogInit:  - supports HTTP deflate (compression) using libz 1.2.8
LogInit:  - other features:
LogInit:      CURL_VERSION_SSL
LogInit:      CURL_VERSION_LIBZ
LogInit:      CURL_VERSION_IPV6
LogInit:      CURL_VERSION_ASYNCHDNS
LogInit:      CURL_VERSION_LARGEFILE
LogInit:      CURL_VERSION_IDN
LogInit:  CurlRequestOptions (configurable via config and command line):
LogInit:  - bVerifyPeer = true  - Libcurl will verify peer certificate
LogInit:  - bUseHttpProxy = false  - Libcurl will NOT use HTTP proxy
LogInit:  - bDontReuseConnections = false  - Libcurl will reuse connections
LogInit:  - MaxHostConnections = 16  - Libcurl will limit the number of connections to a host
LogInit:  - LocalHostAddr = Default
LogInit:  - BufferSize = 65536
LogOnline: OSS: Creating online subsystem instance for: NULL
LogInit: WinSock: version 1.1 (2.2), MaxSocks=32767, MaxUdp=65467
LogOnline: OSS: TryLoadSubsystemAndSetDefault: Loaded subsystem for module [NULL]
LogInit: Build: ++UE4+Release-4.25-CL-13942748
LogInit: Engine Version: 4.25.3-13942748+++UE4+Release-4.25
LogInit: Compatible Engine Version: 4.25.0-13144385+++UE4+Release-4.25
LogInit: Net CL: 13144385
LogInit: OS: Windows 10 (Release 1909) (), CPU: Intel(R) Core(TM) i5-9600K CPU @ 3.70GHz, GPU: Intel(R) UHD Graphics 630
LogInit: Compiled (64-bit): Jul 25 2020 02:07:48
LogInit: Compiled with Visual C++: 19.24.28315.00
LogInit: Build Configuration: Development
LogInit: Branch Name: ++UE4+Release-4.25
LogInit: Command Line: 
LogInit: Base Directory: D:/Epic Games/UE_4.25/Engine/Binaries/Win64/
LogInit: Allocator: TBB
LogInit: Installed Engine Build: 1
LogDevObjectVersion: Number of dev versions registered: 26
LogDevObjectVersion:   Dev-Blueprints (B0D832E4-1F89-4F0D-ACCF-7EB736FD4AA2): 10
LogDevObjectVersion:   Dev-Build (E1C64328-A22C-4D53-A36C-8E866417BD8C): 0
LogDevObjectVersion:   Dev-Core (375EC13C-06E4-48FB-B500-84F0262A717E): 4
LogDevObjectVersion:   Dev-Editor (E4B068ED-F494-42E9-A231-DA0B2E46BB41): 38
LogDevObjectVersion:   Dev-Framework (CFFC743F-43B0-4480-9391-14DF171D2073): 37
LogDevObjectVersion:   Dev-Mobile (B02B49B5-BB20-44E9-A304-32B752E40360): 2
LogDevObjectVersion:   Dev-Networking (A4E4105C-59A1-49B5-A7C5-40C4547EDFEE): 0
LogDevObjectVersion:   Dev-Online (39C831C9-5AE6-47DC-9A44-9C173E1C8E7C): 0
LogDevObjectVersion:   Dev-Physics (78F01B33-EBEA-4F98-B9B4-84EACCB95AA2): 4
LogDevObjectVersion:   Dev-Platform (6631380F-2D4D-43E0-8009-CF276956A95A): 0
LogDevObjectVersion:   Dev-Rendering (12F88B9F-8875-4AFC-A67C-D90C383ABD29): 43
LogDevObjectVersion:   Dev-Sequencer (7B5AE74C-D270-4C10-A958-57980B212A5A): 12
LogDevObjectVersion:   Dev-VR (D7296918-1DD6-4BDD-9DE2-64A83CC13884): 3
LogDevObjectVersion:   Dev-LoadTimes (C2A15278-BFE7-4AFE-6C17-90FF531DF755): 1
LogDevObjectVersion:   Private-Geometry (6EACA3D4-40EC-4CC1-B786-8BED09428FC5): 3
LogDevObjectVersion:   Dev-AnimPhys (29E575DD-E0A3-4627-9D10-D276232CDCEA): 17
LogDevObjectVersion:   Dev-Anim (AF43A65D-7FD3-4947-9873-3E8ED9C1BB05): 7
LogDevObjectVersion:   Dev-ReflectionCapture (6B266CEC-1EC7-4B8F-A30B-E4D90942FC07): 1
LogDevObjectVersion:   Dev-Automation (0DF73D61-A23F-47EA-B727-89E90C41499A): 1
LogDevObjectVersion:   FortniteMain (601D1886-AC64-4F84-AA16-D3DE0DEAC7D6): 31
LogDevObjectVersion:   Dev-Enterprise (9DFFBCD6-494F-0158-E221-12823C92A888): 10
LogDevObjectVersion:   Dev-Niagara (F2AED0AC-9AFE-416F-8664-AA7FFA26D6FC): 1
LogDevObjectVersion:   Dev-Destruction (174F1F0B-B4C6-45A5-B13F-2EE8D0FB917D): 10
LogDevObjectVersion:   Dev-Physics-Ext (35F94A83-E258-406C-A318-09F59610247C): 37
LogDevObjectVersion:   Dev-PhysicsMaterial-Chaos (B68FC16E-8B1B-42E2-B453-215C058844FE): 1
LogDevObjectVersion:   Dev-CineCamera (B2E18506-4273-CFC2-A54E-F4BB758BBA07): 1
LogInit: Presizing for max 25165824 objects, including 0 objects not considered by GC, pre-allocating 0 bytes for permanent pool.
LogConfig: Applying CVar settings from Section [/Script/Engine.StreamingSettings] File [D:/COLLAB 2021/CollabPrototype2RPG6/CollabPrototype2RPG6/CollabPrototype2RPG/Saved/Config/Windows/Engine.ini]
LogConfig: Setting CVar [[s.MinBulkDataSizeForAsyncLoading:131072]]
LogConfig: Setting CVar [[s.AsyncLoadingThreadEnabled:0]]
LogConfig: Setting CVar [[s.EventDrivenLoaderEnabled:1]]
LogConfig: Setting CVar [[s.WarnIfTimeLimitExceeded:0]]
LogConfig: Setting CVar [[s.TimeLimitExceededMultiplier:1.5]]
LogConfig: Setting CVar [[s.TimeLimitExceededMinTime:0.005]]
LogConfig: Setting CVar [[s.UseBackgroundLevelStreaming:1]]
LogConfig: Setting CVar [[s.PriorityAsyncLoadingExtraTime:15.0]]
LogConfig: Setting CVar [[s.LevelStreamingActorsUpdateTimeLimit:5.0]]
LogConfig: Setting CVar [[s.PriorityLevelStreamingActorsUpdateExtraTime:5.0]]
LogConfig: Setting CVar [[s.LevelStreamingComponentsRegistrationGranularity:10]]
LogConfig: Setting CVar [[s.UnregisterComponentsTimeLimit:1.0]]
LogConfig: Setting CVar [[s.LevelStreamingComponentsUnregistrationGranularity:5]]
LogConfig: Setting CVar [[s.FlushStreamingOnExit:1]]
LogInit: Object subsystem initialized
LogConfig: Setting CVar [[con.DebugEarlyDefault:1]]
LogConfig: Setting CVar [[r.setres:1280x720]]
[2021.01.08-07.58.19:018][  0]LogConfig: Setting CVar [[r.VSync:0]]
[2021.01.08-07.58.19:018][  0]LogConfig: Setting CVar [[r.RHICmdBypass:0]]
[2021.01.08-07.58.19:019][  0]LogConfig: Applying CVar settings from Section [/Script/Engine.RendererSettings] File [D:/COLLAB 2021/CollabPrototype2RPG6/CollabPrototype2RPG6/CollabPrototype2RPG/Saved/Config/Windows/Engine.ini]
[2021.01.08-07.58.19:019][  0]LogConfig: Setting CVar [[r.GPUCrashDebugging:0]]
[2021.01.08-07.58.19:019][  0]LogConfig: Applying CVar settings from Section [/Script/Engine.RendererOverrideSettings] File [D:/COLLAB 2021/CollabPrototype2RPG6/CollabPrototype2RPG6/CollabPrototype2RPG/Saved/Config/Windows/Engine.ini]
[2021.01.08-07.58.19:019][  0]LogConfig: Applying CVar settings from Section [/Script/Engine.StreamingSettings] File [D:/COLLAB 2021/CollabPrototype2RPG6/CollabPrototype2RPG6/CollabPrototype2RPG/Saved/Config/Windows/Engine.ini]
[2021.01.08-07.58.19:019][  0]LogConfig: Setting CVar [[s.MinBulkDataSizeForAsyncLoading:131072]]
[2021.01.08-07.58.19:019][  0]LogConfig: Setting CVar [[s.AsyncLoadingThreadEnabled:0]]
[2021.01.08-07.58.19:019][  0]LogConfig: Setting CVar [[s.EventDrivenLoaderEnabled:1]]
[2021.01.08-07.58.19:019][  0]LogConfig: Setting CVar [[s.WarnIfTimeLimitExceeded:0]]
[2021.01.08-07.58.19:019][  0]LogConfig: Setting CVar [[s.TimeLimitExceededMultiplier:1.5]]
[2021.01.08-07.58.19:019][  0]LogConfig: Setting CVar [[s.TimeLimitExceededMinTime:0.005]]
[2021.01.08-07.58.19:019][  0]LogConfig: Setting CVar [[s.UseBackgroundLevelStreaming:1]]
[2021.01.08-07.58.19:019][  0]LogConfig: Setting CVar [[s.PriorityAsyncLoadingExtraTime:15.0]]
[2021.01.08-07.58.19:019][  0]LogConfig: Setting CVar [[s.LevelStreamingActorsUpdateTimeLimit:5.0]]
[2021.01.08-07.58.19:019][  0]LogConfig: Setting CVar [[s.PriorityLevelStreamingActorsUpdateExtraTime:5.0]]
[2021.01.08-07.58.19:019][  0]LogConfig: Setting CVar [[s.LevelStreamingComponentsRegistrationGranularity:10]]
[2021.01.08-07.58.19:019][  0]LogConfig: Setting CVar [[s.UnregisterComponentsTimeLimit:1.0]]
[2021.01.08-07.58.19:019][  0]LogConfig: Setting CVar [[s.LevelStreamingComponentsUnregistrationGranularity:5]]
[2021.01.08-07.58.19:019][  0]LogConfig: Setting CVar [[s.FlushStreamingOnExit:1]]
[2021.01.08-07.58.19:019][  0]LogConfig: Applying CVar settings from Section [/Script/Engine.GarbageCollectionSettings] File [D:/COLLAB 2021/CollabPrototype2RPG6/CollabPrototype2RPG6/CollabPrototype2RPG/Saved/Config/Windows/Engine.ini]
[2021.01.08-07.58.19:019][  0]LogConfig: Setting CVar [[gc.MaxObjectsNotConsideredByGC:1]]
[2021.01.08-07.58.19:019][  0]LogConfig: Setting CVar [[gc.SizeOfPermanentObjectPool:0]]
[2021.01.08-07.58.19:019][  0]LogConfig: Setting CVar [[gc.FlushStreamingOnGC:0]]
[2021.01.08-07.58.19:019][  0]LogConfig: Setting CVar [[gc.NumRetriesBeforeForcingGC:10]]
[2021.01.08-07.58.19:019][  0]LogConfig: Setting CVar [[gc.AllowParallelGC:1]]
[2021.01.08-07.58.19:019][  0]LogConfig: Setting CVar [[gc.TimeBetweenPurgingPendingKillObjects:61.1]]
[2021.01.08-07.58.19:019][  0]LogConfig: Setting CVar [[gc.MaxObjectsInEditor:25165824]]
[2021.01.08-07.58.19:019][  0]LogConfig: Setting CVar [[gc.IncrementalBeginDestroyEnabled:1]]
[2021.01.08-07.58.19:019][  0]LogConfig: Setting CVar [[gc.CreateGCClusters:1]]
[2021.01.08-07.58.19:019][  0]LogConfig: Setting CVar [[gc.MinGCClusterSize:5]]
[2021.01.08-07.58.19:019][  0]LogConfig: Setting CVar [[gc.ActorClusteringEnabled:0]]
[2021.01.08-07.58.19:019][  0]LogConfig: Setting CVar [[gc.BlueprintClusteringEnabled:0]]
[2021.01.08-07.58.19:019][  0]LogConfig: Setting CVar [[gc.UseDisregardForGCOnDedicatedServers:0]]
[2021.01.08-07.58.19:019][  0]LogConfig: Applying CVar settings from Section [/Script/Engine.NetworkSettings] File [D:/COLLAB 2021/CollabPrototype2RPG6/CollabPrototype2RPG6/CollabPrototype2RPG/Saved/Config/Windows/Engine.ini]
[2021.01.08-07.58.19:019][  0]LogConfig: Applying CVar settings from Section [/Script/UnrealEd.CookerSettings] File [D:/COLLAB 2021/CollabPrototype2RPG6/CollabPrototype2RPG6/CollabPrototype2RPG/Saved/Config/Windows/Engine.ini]
[2021.01.08-07.58.19:110][  0]LogConfig: Applying CVar settings from Section [ViewDistanceQuality@3] File [D:/COLLAB 2021/CollabPrototype2RPG6/CollabPrototype2RPG6/CollabPrototype2RPG/Saved/Config/Windows/Scalability.ini]
[2021.01.08-07.58.19:111][  0]LogConfig: Setting CVar [[r.SkeletalMeshLODBias:0]]
[2021.01.08-07.58.19:111][  0]LogConfig: Setting CVar [[r.ViewDistanceScale:1.0]]
[2021.01.08-07.58.19:111][  0]LogConfig: Applying CVar settings from Section [AntiAliasingQuality@3] File [D:/COLLAB 2021/CollabPrototype2RPG6/CollabPrototype2RPG6/CollabPrototype2RPG/Saved/Config/Windows/Scalability.ini]
[2021.01.08-07.58.19:111][  0]LogConfig: Setting CVar [[r.PostProcessAAQuality:4]]
[2021.01.08-07.58.19:111][  0]LogConfig: Applying CVar settings from Section [ShadowQuality@3] File [D:/COLLAB 2021/CollabPrototype2RPG6/CollabPrototype2RPG6/CollabPrototype2RPG/Saved/Config/Windows/Scalability.ini]
[2021.01.08-07.58.19:111][  0]LogConfig: Setting CVar [[r.LightFunctionQuality:1]]
[2021.01.08-07.58.19:111][  0]LogConfig: Setting CVar [[r.ShadowQuality:5]]
[2021.01.08-07.58.19:111][  0]LogConfig: Setting CVar [[r.Shadow.CSM.MaxCascades:10]]
[2021.01.08-07.58.19:111][  0]LogConfig: Setting CVar [[r.Shadow.MaxResolution:2048]]
[2021.01.08-07.58.19:111][  0]LogConfig: Setting CVar [[r.Shadow.MaxCSMResolution:2048]]
[2021.01.08-07.58.19:111][  0]LogConfig: Setting CVar [[r.Shadow.RadiusThreshold:0.01]]
[2021.01.08-07.58.19:111][  0]LogConfig: Setting CVar [[r.Shadow.DistanceScale:1.0]]
[2021.01.08-07.58.19:111][  0]LogConfig: Setting CVar [[r.Shadow.CSM.TransitionScale:1.0]]
[2021.01.08-07.58.19:111][  0]LogConfig: Setting CVar [[r.Shadow.PreShadowResolutionFactor:1.0]]
[2021.01.08-07.58.19:111][  0]LogConfig: Setting CVar [[r.DistanceFieldShadowing:1]]
[2021.01.08-07.58.19:111][  0]LogConfig: Setting CVar [[r.DistanceFieldAO:1]]
[2021.01.08-07.58.19:111][  0]LogConfig: Setting CVar [[r.AOQuality:2]]
[2021.01.08-07.58.19:111][  0]LogConfig: Setting CVar [[r.VolumetricFog:1]]
[2021.01.08-07.58.19:111][  0]LogConfig: Setting CVar [[r.VolumetricFog.GridPixelSize:8]]
[2021.01.08-07.58.19:111][  0]LogConfig: Setting CVar [[r.VolumetricFog.GridSizeZ:128]]
[2021.01.08-07.58.19:111][  0]LogConfig: Setting CVar [[r.VolumetricFog.HistoryMissSupersampleCount:4]]
[2021.01.08-07.58.19:111][  0]LogConfig: Setting CVar [[r.LightMaxDrawDistanceScale:1]]
[2021.01.08-07.58.19:111][  0]LogConfig: Setting CVar [[r.CapsuleShadows:1]]
[2021.01.08-07.58.19:111][  0]LogConfig: Applying CVar settings from Section [PostProcessQuality@3] File [D:/COLLAB 2021/CollabPrototype2RPG6/CollabPrototype2RPG6/CollabPrototype2RPG/Saved/Config/Windows/Scalability.ini]
[2021.01.08-07.58.19:111][  0]LogConfig: Setting CVar [[r.MotionBlurQuality:4]]
[2021.01.08-07.58.19:111][  0]LogConfig: Setting CVar [[r.AmbientOcclusionMipLevelFactor:0.4]]
[2021.01.08-07.58.19:111][  0]LogConfig: Setting CVar [[r.AmbientOcclusionMaxQuality:100]]
[2021.01.08-07.58.19:111][  0]LogConfig: Setting CVar [[r.AmbientOcclusionLevels:-1]]
[2021.01.08-07.58.19:111][  0]LogConfig: Setting CVar [[r.AmbientOcclusionRadiusScale:1.0]]
[2021.01.08-07.58.19:111][  0]LogConfig: Setting CVar [[r.DepthOfFieldQuality:2]]
[2021.01.08-07.58.19:111][  0]LogConfig: Setting CVar [[r.RenderTargetPoolMin:400]]
[2021.01.08-07.58.19:111][  0]LogConfig: Setting CVar [[r.LensFlareQuality:2]]
[2021.01.08-07.58.19:111][  0]LogConfig: Setting CVar [[r.SceneColorFringeQuality:1]]
[2021.01.08-07.58.19:111][  0]LogConfig: Setting CVar [[r.EyeAdaptationQuality:2]]
[2021.01.08-07.58.19:111][  0]LogConfig: Setting CVar [[r.BloomQuality:5]]
[2021.01.08-07.58.19:111][  0]LogConfig: Setting CVar [[r.FastBlurThreshold:100]]
[2021.01.08-07.58.19:111][  0]LogConfig: Setting CVar [[r.Upscale.Quality:3]]
[2021.01.08-07.58.19:111][  0]LogConfig: Setting CVar [[r.Tonemapper.GrainQuantization:1]]
[2021.01.08-07.58.19:111][  0]LogConfig: Setting CVar [[r.LightShaftQuality:1]]
[2021.01.08-07.58.19:111][  0]LogConfig: Setting CVar [[r.Filter.SizeScale:1]]
[2021.01.08-07.58.19:111][  0]LogConfig: Setting CVar [[r.Tonemapper.Quality:5]]
[2021.01.08-07.58.19:111][  0]LogConfig: Setting CVar [[r.DOF.Gather.AccumulatorQuality:1        ; higher gathering accumulator quality]]
[2021.01.08-07.58.19:111][  0]LogConfig: Setting CVar [[r.DOF.Gather.PostfilterMethod:1          ; Median3x3 postfilering method]]
[2021.01.08-07.58.19:111][  0]LogConfig: Setting CVar [[r.DOF.Gather.EnableBokehSettings:0       ; no bokeh simulation when gathering]]
[2021.01.08-07.58.19:111][  0]LogConfig: Setting CVar [[r.DOF.Gather.RingCount:4                 ; medium number of samples when gathering]]
[2021.01.08-07.58.19:111][  0]LogConfig: Setting CVar [[r.DOF.Scatter.ForegroundCompositing:1    ; additive foreground scattering]]
[2021.01.08-07.58.19:111][  0]LogConfig: Setting CVar [[r.DOF.Scatter.BackgroundCompositing:2    ; additive background scattering]]
[2021.01.08-07.58.19:111][  0]LogConfig: Setting CVar [[r.DOF.Scatter.EnableBokehSettings:1      ; bokeh simulation when scattering]]
[2021.01.08-07.58.19:111][  0]LogConfig: Setting CVar [[r.DOF.Scatter.MaxSpriteRatio:0.1         ; only a maximum of 10% of scattered bokeh]]
[2021.01.08-07.58.19:111][  0]LogConfig: Setting CVar [[r.DOF.Recombine.Quality:1                ; cheap slight out of focus]]
[2021.01.08-07.58.19:111][  0]LogConfig: Setting CVar [[r.DOF.Recombine.EnableBokehSettings:0    ; no bokeh simulation on slight out of focus]]
[2021.01.08-07.58.19:111][  0]LogConfig: Setting CVar [[r.DOF.TemporalAAQuality:1                ; more stable temporal accumulation]]
[2021.01.08-07.58.19:111][  0]LogConfig: Setting CVar [[r.DOF.Kernel.MaxForegroundRadius:0.025]]
[2021.01.08-07.58.19:111][  0]LogConfig: Setting CVar [[r.DOF.Kernel.MaxBackgroundRadius:0.025]]
[2021.01.08-07.58.19:111][  0]LogConfig: Applying CVar settings from Section [TextureQuality@3] File [D:/COLLAB 2021/CollabPrototype2RPG6/CollabPrototype2RPG6/CollabPrototype2RPG/Saved/Config/Windows/Scalability.ini]
[2021.01.08-07.58.19:111][  0]LogConfig: Setting CVar [[r.Streaming.MipBias:0]]
[2021.01.08-07.58.19:111][  0]LogConfig: Setting CVar [[r.Streaming.AmortizeCPUToGPUCopy:0]]
[2021.01.08-07.58.19:111][  0]LogConfig: Setting CVar [[r.Streaming.MaxNumTexturesToStreamPerFrame:0]]
[2021.01.08-07.58.19:111][  0]LogConfig: Setting CVar [[r.Streaming.Boost:1]]
[2021.01.08-07.58.19:111][  0]LogConfig: Setting CVar [[r.MaxAnisotropy:8]]
[2021.01.08-07.58.19:111][  0]LogConfig: Setting CVar [[r.VT.MaxAnisotropy:8]]
[2021.01.08-07.58.19:111][  0]LogConfig: Setting CVar [[r.Streaming.LimitPoolSizeToVRAM:0]]
[2021.01.08-07.58.19:111][  0]LogConfig: Setting CVar [[r.Streaming.PoolSize:1000]]
[2021.01.08-07.58.19:111][  0]LogConfig: Setting CVar [[r.Streaming.MaxEffectiveScreenSize:0]]
[2021.01.08-07.58.19:111][  0]LogConfig: Applying CVar settings from Section [EffectsQuality@3] File [D:/COLLAB 2021/CollabPrototype2RPG6/CollabPrototype2RPG6/CollabPrototype2RPG/Saved/Config/Windows/Scalability.ini]
[2021.01.08-07.58.19:111][  0]LogConfig: Setting CVar [[r.TranslucencyLightingVolumeDim:64]]
[2021.01.08-07.58.19:111][  0]LogConfig: Setting CVar [[r.RefractionQuality:2]]
[2021.01.08-07.58.19:111][  0]LogConfig: Setting CVar [[r.SSR.Quality:3]]
[2021.01.08-07.58.19:111][  0]LogConfig: Setting CVar [[r.SSR.HalfResSceneColor:0]]
[2021.01.08-07.58.19:111][  0]LogConfig: Setting CVar [[r.SceneColorFormat:4]]
[2021.01.08-07.58.19:111][  0]LogConfig: Setting CVar [[r.DetailMode:2]]
[2021.01.08-07.58.19:111][  0]LogConfig: Setting CVar [[r.TranslucencyVolumeBlur:1]]
[2021.01.08-07.58.19:111][  0]LogConfig: Setting CVar [[r.MaterialQualityLevel:1 ; High quality]]
[2021.01.08-07.58.19:111][  0]LogConfig: Setting CVar [[r.SSS.Scale:1]]
[2021.01.08-07.58.19:111][  0]LogConfig: Setting CVar [[r.SSS.SampleSet:2]]
[2021.01.08-07.58.19:111][  0]LogConfig: Setting CVar [[r.SSS.Quality:1]]
[2021.01.08-07.58.19:111][  0]LogConfig: Setting CVar [[r.SSS.HalfRes:0]]
[2021.01.08-07.58.19:111][  0]LogConfig: Setting CVar [[r.SSGI.Quality:3]]
[2021.01.08-07.58.19:111][  0]LogConfig: Setting CVar [[r.EmitterSpawnRateScale:1.0]]
[2021.01.08-07.58.19:111][  0]LogConfig: Setting CVar [[r.ParticleLightQuality:2]]
[2021.01.08-07.58.19:111][  0]LogConfig: Setting CVar [[r.SkyAtmosphere.AerialPerspectiveLUT.FastApplyOnOpaque:1 ; Always have FastSkyLUT 1 in this case to avoid wrong sky]]
[2021.01.08-07.58.19:111][  0]LogConfig: Setting CVar [[r.SkyAtmosphere.AerialPerspectiveLUT.SampleCountPerSlice:1]]
[2021.01.08-07.58.19:111][  0]LogConfig: Setting CVar [[r.SkyAtmosphere.AerialPerspectiveLUT.DepthResolution:16.0]]
[2021.01.08-07.58.19:111][  0]LogConfig: Setting CVar [[r.SkyAtmosphere.FastSkyLUT:1]]
[2021.01.08-07.58.19:111][  0]LogConfig: Setting CVar [[r.SkyAtmosphere.FastSkyLUT.SampleCountMin:4.0]]
[2021.01.08-07.58.19:111][  0]LogConfig: Setting CVar [[r.SkyAtmosphere.FastSkyLUT.SampleCountMax:32.0]]
[2021.01.08-07.58.19:111][  0]LogConfig: Setting CVar [[r.SkyAtmosphere.SampleCountMin:4.0]]
[2021.01.08-07.58.19:111][  0]LogConfig: Setting CVar [[r.SkyAtmosphere.SampleCountMax:32.0]]
[2021.01.08-07.58.19:111][  0]LogConfig: Setting CVar [[r.SkyAtmosphere.TransmittanceLUT.UseSmallFormat:0]]
[2021.01.08-07.58.19:111][  0]LogConfig: Setting CVar [[r.SkyAtmosphere.TransmittanceLUT.SampleCount:10.0]]
[2021.01.08-07.58.19:111][  0]LogConfig: Setting CVar [[r.SkyAtmosphere.MultiScatteringLUT.SampleCount:15.0]]
[2021.01.08-07.58.19:111][  0]LogConfig: Applying CVar settings from Section [FoliageQuality@3] File [D:/COLLAB 2021/CollabPrototype2RPG6/CollabPrototype2RPG6/CollabPrototype2RPG/Saved/Config/Windows/Scalability.ini]
[2021.01.08-07.58.19:111][  0]LogConfig: Setting CVar [[foliage.DensityScale:1.0]]
[2021.01.08-07.58.19:111][  0]LogConfig: Setting CVar [[grass.DensityScale:1.0]]
[2021.01.08-07.58.19:111][  0]LogConfig: Applying CVar settings from Section [ShadingQuality@3] File [D:/COLLAB 2021/CollabPrototype2RPG6/CollabPrototype2RPG6/CollabPrototype2RPG/Saved/Config/Windows/Scalability.ini]
[2021.01.08-07.58.19:111][  0]LogConfig: Setting CVar [[r.HairStrands.SkyLighting.SampleCount:16]]
[2021.01.08-07.58.19:111][  0]LogConfig: Setting CVar [[r.HairStrands.SkyLighting.JitterIntegration:0]]
[2021.01.08-07.58.19:111][  0]LogConfig: Setting CVar [[r.HairStrands.SkyAO.SampleCount:16]]
[2021.01.08-07.58.19:111][  0]LogConfig: Setting CVar [[r.HairStrands.DeepShadow.SuperSampling:0]]
[2021.01.08-07.58.19:111][  0]LogConfig: Setting CVar [[r.HairStrands.VisibilityPPLL:0]]
[2021.01.08-07.58.19:111][  0]LogConfig: Setting CVar [[r.HairStrands.RasterizationScale:0.5]]
[2021.01.08-07.58.19:112][  0]LogConfig: Setting CVar [[r.HairStrands.VelocityRasterizationScale:1]]
[2021.01.08-07.58.19:120][  0]LogInit: Selected Device Profile: [Windows]
[2021.01.08-07.58.19:121][  0]LogInit: Applying CVar settings loaded from the selected device profile: [Windows]
[2021.01.08-07.58.19:130][  0]LogHAL: Display: Platform has ~ 16 GB [17022455808 / 17179869184 / 16], which maps to Larger [LargestMinGB=32, LargerMinGB=12, DefaultMinGB=8, SmallerMinGB=6, SmallestMinGB=0)
[2021.01.08-07.58.19:130][  0]LogInit: Going up to parent DeviceProfile []
[2021.01.08-07.58.19:130][  0]LogConfig: Applying CVar settings from Section [ViewDistanceQuality@3] File [D:/COLLAB 2021/CollabPrototype2RPG6/CollabPrototype2RPG6/CollabPrototype2RPG/Saved/Config/Windows/Scalability.ini]
[2021.01.08-07.58.19:130][  0]LogConfig: Setting CVar [[r.SkeletalMeshLODBias:0]]
[2021.01.08-07.58.19:130][  0]LogConfig: Setting CVar [[r.ViewDistanceScale:1.0]]
[2021.01.08-07.58.19:130][  0]LogConfig: Applying CVar settings from Section [AntiAliasingQuality@3] File [D:/COLLAB 2021/CollabPrototype2RPG6/CollabPrototype2RPG6/CollabPrototype2RPG/Saved/Config/Windows/Scalability.ini]
[2021.01.08-07.58.19:130][  0]LogConfig: Setting CVar [[r.PostProcessAAQuality:4]]
[2021.01.08-07.58.19:130][  0]LogConfig: Applying CVar settings from Section [ShadowQuality@3] File [D:/COLLAB 2021/CollabPrototype2RPG6/CollabPrototype2RPG6/CollabPrototype2RPG/Saved/Config/Windows/Scalability.ini]
[2021.01.08-07.58.19:130][  0]LogConfig: Setting CVar [[r.LightFunctionQuality:1]]
[2021.01.08-07.58.19:130][  0]LogConfig: Setting CVar [[r.ShadowQuality:5]]
[2021.01.08-07.58.19:130][  0]LogConfig: Setting CVar [[r.Shadow.CSM.MaxCascades:10]]
[2021.01.08-07.58.19:130][  0]LogConfig: Setting CVar [[r.Shadow.MaxResolution:2048]]
[2021.01.08-07.58.19:130][  0]LogConfig: Setting CVar [[r.Shadow.MaxCSMResolution:2048]]
[2021.01.08-07.58.19:130][  0]LogConfig: Setting CVar [[r.Shadow.RadiusThreshold:0.01]]
[2021.01.08-07.58.19:130][  0]LogConfig: Setting CVar [[r.Shadow.DistanceScale:1.0]]
[2021.01.08-07.58.19:130][  0]LogConfig: Setting CVar [[r.Shadow.CSM.TransitionScale:1.0]]
[2021.01.08-07.58.19:130][  0]LogConfig: Setting CVar [[r.Shadow.PreShadowResolutionFactor:1.0]]
[2021.01.08-07.58.19:131][  0]LogConfig: Setting CVar [[r.DistanceFieldShadowing:1]]
[2021.01.08-07.58.19:131][  0]LogConfig: Setting CVar [[r.DistanceFieldAO:1]]
[2021.01.08-07.58.19:131][  0]LogConfig: Setting CVar [[r.AOQuality:2]]
[2021.01.08-07.58.19:131][  0]LogConfig: Setting CVar [[r.VolumetricFog:1]]
[2021.01.08-07.58.19:131][  0]LogConfig: Setting CVar [[r.VolumetricFog.GridPixelSize:8]]
[2021.01.08-07.58.19:131][  0]LogConfig: Setting CVar [[r.VolumetricFog.GridSizeZ:128]]
[2021.01.08-07.58.19:131][  0]LogConfig: Setting CVar [[r.VolumetricFog.HistoryMissSupersampleCount:4]]
[2021.01.08-07.58.19:131][  0]LogConfig: Setting CVar [[r.LightMaxDrawDistanceScale:1]]
[2021.01.08-07.58.19:131][  0]LogConfig: Setting CVar [[r.CapsuleShadows:1]]
[2021.01.08-07.58.19:131][  0]LogConfig: Applying CVar settings from Section [PostProcessQuality@2] File [D:/COLLAB 2021/CollabPrototype2RPG6/CollabPrototype2RPG6/CollabPrototype2RPG/Saved/Config/Windows/Scalability.ini]
[2021.01.08-07.58.19:131][  0]LogConfig: Setting CVar [[r.MotionBlurQuality:3]]
[2021.01.08-07.58.19:131][  0]LogConfig: Setting CVar [[r.AmbientOcclusionMipLevelFactor:0.6]]
[2021.01.08-07.58.19:131][  0]LogConfig: Setting CVar [[r.AmbientOcclusionMaxQuality:100]]
[2021.01.08-07.58.19:131][  0]LogConfig: Setting CVar [[r.AmbientOcclusionLevels:-1]]
[2021.01.08-07.58.19:131][  0]LogConfig: Setting CVar [[r.AmbientOcclusionRadiusScale:1.5]]
[2021.01.08-07.58.19:131][  0]LogConfig: Setting CVar [[r.DepthOfFieldQuality:2]]
[2021.01.08-07.58.19:131][  0]LogConfig: Setting CVar [[r.RenderTargetPoolMin:400]]
[2021.01.08-07.58.19:131][  0]LogConfig: Setting CVar [[r.LensFlareQuality:2]]
[2021.01.08-07.58.19:131][  0]LogConfig: Setting CVar [[r.SceneColorFringeQuality:1]]
[2021.01.08-07.58.19:131][  0]LogConfig: Setting CVar [[r.EyeAdaptationQuality:2]]
[2021.01.08-07.58.19:131][  0]LogConfig: Setting CVar [[r.BloomQuality:5]]
[2021.01.08-07.58.19:131][  0]LogConfig: Setting CVar [[r.FastBlurThreshold:3]]
[2021.01.08-07.58.19:131][  0]LogConfig: Setting CVar [[r.Upscale.Quality:2]]
[2021.01.08-07.58.19:131][  0]LogConfig: Setting CVar [[r.Tonemapper.GrainQuantization:1]]
[2021.01.08-07.58.19:131][  0]LogConfig: Setting CVar [[r.LightShaftQuality:1]]
[2021.01.08-07.58.19:131][  0]LogConfig: Setting CVar [[r.Filter.SizeScale:0.8]]
[2021.01.08-07.58.19:131][  0]LogConfig: Setting CVar [[r.Tonemapper.Quality:5]]
[2021.01.08-07.58.19:131][  0]LogConfig: Setting CVar [[r.DOF.Gather.AccumulatorQuality:0        ; lower gathering accumulator quality]]
[2021.01.08-07.58.19:131][  0]LogConfig: Setting CVar [[r.DOF.Gather.PostfilterMethod:2          ; Max3x3 postfilering method]]
[2021.01.08-07.58.19:131][  0]LogConfig: Setting CVar [[r.DOF.Gather.EnableBokehSettings:0       ; no bokeh simulation when gathering]]
[2021.01.08-07.58.19:131][  0]LogConfig: Setting CVar [[r.DOF.Gather.RingCount:4                 ; medium number of samples when gathering]]
[2021.01.08-07.58.19:131][  0]LogConfig: Setting CVar [[r.DOF.Scatter.ForegroundCompositing:1    ; additive foreground scattering]]
[2021.01.08-07.58.19:131][  0]LogConfig: Setting CVar [[r.DOF.Scatter.BackgroundCompositing:1    ; no background occlusion]]
[2021.01.08-07.58.19:131][  0]LogConfig: Setting CVar [[r.DOF.Scatter.EnableBokehSettings:0      ; no bokeh simulation when scattering]]
[2021.01.08-07.58.19:131][  0]LogConfig: Setting CVar [[r.DOF.Scatter.MaxSpriteRatio:0.04        ; only a maximum of 4% of scattered bokeh]]
[2021.01.08-07.58.19:131][  0]LogConfig: Setting CVar [[r.DOF.Recombine.Quality:0                ; no slight out of focus]]
[2021.01.08-07.58.19:131][  0]LogConfig: Setting CVar [[r.DOF.TemporalAAQuality:0                ; faster temporal accumulation]]
[2021.01.08-07.58.19:131][  0]LogConfig: Setting CVar [[r.DOF.Kernel.MaxForegroundRadius:0.012   ; required because of AccumulatorQuality=0]]
[2021.01.08-07.58.19:131][  0]LogConfig: Setting CVar [[r.DOF.Kernel.MaxBackgroundRadius:0.012   ; required because of AccumulatorQuality=0]]
[2021.01.08-07.58.19:131][  0]LogConfig: Applying CVar settings from Section [TextureQuality@1] File [D:/COLLAB 2021/CollabPrototype2RPG6/CollabPrototype2RPG6/CollabPrototype2RPG/Saved/Config/Windows/Scalability.ini]
[2021.01.08-07.58.19:131][  0]LogConfig: Setting CVar [[r.Streaming.MipBias:1]]
[2021.01.08-07.58.19:131][  0]LogConfig: Setting CVar [[r.Streaming.AmortizeCPUToGPUCopy:0]]
[2021.01.08-07.58.19:131][  0]LogConfig: Setting CVar [[r.Streaming.MaxNumTexturesToStreamPerFrame:0]]
[2021.01.08-07.58.19:131][  0]LogConfig: Setting CVar [[r.Streaming.Boost:1]]
[2021.01.08-07.58.19:131][  0]LogConfig: Setting CVar [[r.MaxAnisotropy:2]]
[2021.01.08-07.58.19:131][  0]LogConfig: Setting CVar [[r.VT.MaxAnisotropy:4]]
[2021.01.08-07.58.19:131][  0]LogConfig: Setting CVar [[r.Streaming.LimitPoolSizeToVRAM:1]]
[2021.01.08-07.58.19:131][  0]LogConfig: Setting CVar [[r.Streaming.PoolSize:600]]
[2021.01.08-07.58.19:131][  0]LogConfig: Setting CVar [[r.Streaming.MaxEffectiveScreenSize:0]]
[2021.01.08-07.58.19:131][  0]LogConfig: Applying CVar settings from Section [EffectsQuality@3] File [D:/COLLAB 2021/CollabPrototype2RPG6/CollabPrototype2RPG6/CollabPrototype2RPG/Saved/Config/Windows/Scalability.ini]
[2021.01.08-07.58.19:131][  0]LogConfig: Setting CVar [[r.TranslucencyLightingVolumeDim:64]]
[2021.01.08-07.58.19:131][  0]LogConfig: Setting CVar [[r.RefractionQuality:2]]
[2021.01.08-07.58.19:131][  0]LogConfig: Setting CVar [[r.SSR.Quality:3]]
[2021.01.08-07.58.19:131][  0]LogConfig: Setting CVar [[r.SSR.HalfResSceneColor:0]]
[2021.01.08-07.58.19:131][  0]LogConfig: Setting CVar [[r.SceneColorFormat:4]]
[2021.01.08-07.58.19:131][  0]LogConfig: Setting CVar [[r.DetailMode:2]]
[2021.01.08-07.58.19:131][  0]LogConfig: Setting CVar [[r.TranslucencyVolumeBlur:1]]
[2021.01.08-07.58.19:131][  0]LogConfig: Setting CVar [[r.MaterialQualityLevel:1 ; High quality]]
[2021.01.08-07.58.19:131][  0]LogConfig: Setting CVar [[r.SSS.Scale:1]]
[2021.01.08-07.58.19:131][  0]LogConfig: Setting CVar [[r.SSS.SampleSet:2]]
[2021.01.08-07.58.19:131][  0]LogConfig: Setting CVar [[r.SSS.Quality:1]]
[2021.01.08-07.58.19:131][  0]LogConfig: Setting CVar [[r.SSS.HalfRes:0]]
[2021.01.08-07.58.19:131][  0]LogConfig: Setting CVar [[r.SSGI.Quality:3]]
[2021.01.08-07.58.19:131][  0]LogConfig: Setting CVar [[r.EmitterSpawnRateScale:1.0]]
[2021.01.08-07.58.19:131][  0]LogConfig: Setting CVar [[r.ParticleLightQuality:2]]
[2021.01.08-07.58.19:131][  0]LogConfig: Setting CVar [[r.SkyAtmosphere.AerialPerspectiveLUT.FastApplyOnOpaque:1 ; Always have FastSkyLUT 1 in this case to avoid wrong sky]]
[2021.01.08-07.58.19:131][  0]LogConfig: Setting CVar [[r.SkyAtmosphere.AerialPerspectiveLUT.SampleCountPerSlice:1]]
[2021.01.08-07.58.19:131][  0]LogConfig: Setting CVar [[r.SkyAtmosphere.AerialPerspectiveLUT.DepthResolution:16.0]]
[2021.01.08-07.58.19:131][  0]LogConfig: Setting CVar [[r.SkyAtmosphere.FastSkyLUT:1]]
[2021.01.08-07.58.19:131][  0]LogConfig: Setting CVar [[r.SkyAtmosphere.FastSkyLUT.SampleCountMin:4.0]]
[2021.01.08-07.58.19:131][  0]LogConfig: Setting CVar [[r.SkyAtmosphere.FastSkyLUT.SampleCountMax:32.0]]
[2021.01.08-07.58.19:131][  0]LogConfig: Setting CVar [[r.SkyAtmosphere.SampleCountMin:4.0]]
[2021.01.08-07.58.19:131][  0]LogConfig: Setting CVar [[r.SkyAtmosphere.SampleCountMax:32.0]]
[2021.01.08-07.58.19:131][  0]LogConfig: Setting CVar [[r.SkyAtmosphere.TransmittanceLUT.UseSmallFormat:0]]
[2021.01.08-07.58.19:131][  0]LogConfig: Setting CVar [[r.SkyAtmosphere.TransmittanceLUT.SampleCount:10.0]]
[2021.01.08-07.58.19:131][  0]LogConfig: Setting CVar [[r.SkyAtmosphere.MultiScatteringLUT.SampleCount:15.0]]
[2021.01.08-07.58.19:131][  0]LogConfig: Applying CVar settings from Section [FoliageQuality@1] File [D:/COLLAB 2021/CollabPrototype2RPG6/CollabPrototype2RPG6/CollabPrototype2RPG/Saved/Config/Windows/Scalability.ini]
[2021.01.08-07.58.19:131][  0]LogConfig: Setting CVar [[foliage.DensityScale:0.4]]
[2021.01.08-07.58.19:131][  0]LogConfig: Setting CVar [[grass.DensityScale:0.4]]
[2021.01.08-07.58.19:131][  0]LogConfig: Applying CVar settings from Section [ShadingQuality@3] File [D:/COLLAB 2021/CollabPrototype2RPG6/CollabPrototype2RPG6/CollabPrototype2RPG/Saved/Config/Windows/Scalability.ini]
[2021.01.08-07.58.19:131][  0]LogConfig: Setting CVar [[r.HairStrands.SkyLighting.SampleCount:16]]
[2021.01.08-07.58.19:131][  0]LogConfig: Setting CVar [[r.HairStrands.SkyLighting.JitterIntegration:0]]
[2021.01.08-07.58.19:131][  0]LogConfig: Setting CVar [[r.HairStrands.SkyAO.SampleCount:16]]
[2021.01.08-07.58.19:131][  0]LogConfig: Setting CVar [[r.HairStrands.DeepShadow.SuperSampling:0]]
[2021.01.08-07.58.19:131][  0]LogConfig: Setting CVar [[r.HairStrands.VisibilityPPLL:0]]
[2021.01.08-07.58.19:131][  0]LogConfig: Setting CVar [[r.HairStrands.RasterizationScale:0.5]]
[2021.01.08-07.58.19:131][  0]LogConfig: Setting CVar [[r.HairStrands.VelocityRasterizationScale:1]]
[2021.01.08-07.58.19:131][  0]LogConfig: Applying CVar settings from Section [Startup] File [../../../Engine/Config/ConsoleVariables.ini]
[2021.01.08-07.58.19:151][  0]LogConfig: Setting CVar [[net.UseAdaptiveNetUpdateFrequency:0]]
[2021.01.08-07.58.19:151][  0]LogConfig: Setting CVar [[p.chaos.AllowCreatePhysxBodies:1]]
[2021.01.08-07.58.19:151][  0]LogConfig: Setting CVar [[fx.SkipVectorVMBackendOptimizations:1]]
[2021.01.08-07.58.19:151][  0]LogConfig: Applying CVar settings from Section [ConsoleVariables] File [D:/COLLAB 2021/CollabPrototype2RPG6/CollabPrototype2RPG6/CollabPrototype2RPG/Saved/Config/Windows/Engine.ini]
[2021.01.08-07.58.19:180][  0]LogInit: Computer: DESKTOP-OUFH0JJ
[2021.01.08-07.58.19:180][  0]LogInit: User: Billy
[2021.01.08-07.58.19:196][  0]LogInit: CPU Page size=4096, Cores=6
[2021.01.08-07.58.19:196][  0]LogInit: High frequency timer resolution =10.000000 MHz
[2021.01.08-07.58.19:196][  0]LogMemory: Memory total: Physical=15.9GB (16GB approx)
[2021.01.08-07.58.19:196][  0]LogMemory: Platform Memory Stats for Windows
[2021.01.08-07.58.19:196][  0]LogMemory: Process Physical Memory: 114.71 MB used, 114.71 MB peak
[2021.01.08-07.58.19:196][  0]LogMemory: Process Virtual Memory: 104.19 MB used, 104.19 MB peak
[2021.01.08-07.58.19:196][  0]LogMemory: Physical Memory: 5560.18 MB used,  10673.70 MB free, 16233.88 MB total
[2021.01.08-07.58.19:196][  0]LogMemory: Virtual Memory: 5145.43 MB used,  134212584.00 MB free, 134217728.00 MB total
[2021.01.08-07.58.19:201][  0]LogWindows: WindowsPlatformFeatures enabled
[2021.01.08-07.58.19:798][  0]LogInit: Physics initialised using underlying interface: PhysX
[2021.01.08-07.58.19:826][  0]LogInit: Using OS detected language (en-GB).
[2021.01.08-07.58.19:826][  0]LogInit: Using OS detected locale (en-GB).
[2021.01.08-07.58.19:913][  0]LogTextLocalizationManager: No specific localization for 'en-GB' exists, so the 'en' localization will be used.
[2021.01.08-07.58.20:401][  0]LogInit: Setting process to per monitor DPI aware
[2021.01.08-07.58.20:819][  0]LogSlate: New Slate User Created.  User Index 0, Is Virtual User: 0
[2021.01.08-07.58.20:819][  0]LogSlate: Slate User Registered.  User Index 0, Is Virtual User: 0
[2021.01.08-07.58.21:285][  0]LogHMD: Failed to initialize OpenVR with code 110
[2021.01.08-07.58.21:285][  0]LogD3D11RHI: D3D11 min allowed feature level: 11_0
[2021.01.08-07.58.21:285][  0]LogD3D11RHI: D3D11 max allowed feature level: 11_0
[2021.01.08-07.58.21:285][  0]LogD3D11RHI: D3D11 adapters:
[2021.01.08-07.58.21:358][  0]LogD3D11RHI:    0. 'NVIDIA GeForce RTX 2070' (Feature Level 11_0)
[2021.01.08-07.58.21:358][  0]LogD3D11RHI:       8031/0/8116 MB DedicatedVideo/DedicatedSystem/SharedSystem, Outputs:1, VendorId:0x10de
[2021.01.08-07.58.21:401][  0]LogD3D11RHI:    1. 'Intel(R) UHD Graphics 630' (Feature Level 11_0)
[2021.01.08-07.58.21:401][  0]LogD3D11RHI:       128/0/8116 MB DedicatedVideo/DedicatedSystem/SharedSystem, Outputs:1, VendorId:0x8086
[2021.01.08-07.58.21:403][  0]LogD3D11RHI:    2. 'Microsoft Basic Render Driver' (Feature Level 11_0)
[2021.01.08-07.58.21:403][  0]LogD3D11RHI:       0/0/8116 MB DedicatedVideo/DedicatedSystem/SharedSystem, Outputs:0, VendorId:0x1414
[2021.01.08-07.58.21:403][  0]LogD3D11RHI: Chosen D3D11 Adapter: 0
[2021.01.08-07.58.21:425][  0]LogD3D11RHI: Creating new Direct3DDevice
[2021.01.08-07.58.21:426][  0]LogD3D11RHI:     GPU DeviceId: 0x1f02 (for the marketing name, search the web for "GPU Device Id")
[2021.01.08-07.58.21:426][  0]LogWindows: EnumDisplayDevices:
[2021.01.08-07.58.21:426][  0]LogWindows:    0. 'Intel(R) UHD Graphics 630' (P:0 D:1)
[2021.01.08-07.58.21:426][  0]LogWindows:    1. 'Intel(R) UHD Graphics 630' (P:0 D:0)
[2021.01.08-07.58.21:426][  0]LogWindows:    2. 'Intel(R) UHD Graphics 630' (P:0 D:0)
[2021.01.08-07.58.21:426][  0]LogWindows:    3. 'NVIDIA GeForce RTX 2070' (P:1 D:1)
[2021.01.08-07.58.21:427][  0]LogWindows:    4. 'NVIDIA GeForce RTX 2070' (P:0 D:0)
[2021.01.08-07.58.21:427][  0]LogWindows:    5. 'NVIDIA GeForce RTX 2070' (P:0 D:0)
[2021.01.08-07.58.21:427][  0]LogWindows:    6. 'NVIDIA GeForce RTX 2070' (P:0 D:0)
[2021.01.08-07.58.21:427][  0]LogWindows: DebugString: PrimaryIsNotTheChoosenAdapter PrimaryIsNotTheChoosenAdapter PrimaryIsNotTheChoosenAdapter FoundDriverCount:4 
[2021.01.08-07.58.21:427][  0]LogD3D11RHI:     Adapter Name: NVIDIA GeForce RTX 2070
[2021.01.08-07.58.21:427][  0]LogD3D11RHI:   Driver Version: 460.89 (internal:27.21.14.6089, unified:460.89)
[2021.01.08-07.58.21:427][  0]LogD3D11RHI:      Driver Date: 12-11-2020
[2021.01.08-07.58.21:427][  0]LogRHI: Texture pool is 5621 MB (70% of 8031 MB)
[2021.01.08-07.58.21:470][  0]LogD3D11RHI: RHI has support for 64 bit atomics
[2021.01.08-07.58.21:473][  0]LogD3D11RHI: [Aftermath] Enabled and primed
[2021.01.08-07.58.21:473][  0]LogD3D11RHI: Async texture creation enabled
[2021.01.08-07.58.21:473][  0]LogD3D11RHI: Array index from any shader is supported
[2021.01.08-07.58.21:881][  0]LogD3D11RHI: GPU Timing Frequency: 1000.000000 (Debug: 2 1)
[2021.01.08-07.58.22:444][  0]LogTargetPlatformManager: Display: Loaded TargetPlatform 'AllDesktop'
[2021.01.08-07.58.22:481][  0]LogTargetPlatformManager: Display: Loaded TargetPlatform 'Android'
[2021.01.08-07.58.22:481][  0]LogTargetPlatformManager: Display: Loaded TargetPlatform 'Android_ASTC'
[2021.01.08-07.58.22:481][  0]LogTargetPlatformManager: Display: Loaded TargetPlatform 'Android_DXT'
[2021.01.08-07.58.22:481][  0]LogTargetPlatformManager: Display: Loaded TargetPlatform 'Android_ETC2'
[2021.01.08-07.58.22:481][  0]LogTargetPlatformManager: Display: Loaded TargetPlatform 'AndroidClient'
[2021.01.08-07.58.22:481][  0]LogTargetPlatformManager: Display: Loaded TargetPlatform 'Android_ASTCClient'
[2021.01.08-07.58.22:481][  0]LogTargetPlatformManager: Display: Loaded TargetPlatform 'Android_DXTClient'
[2021.01.08-07.58.22:481][  0]LogTargetPlatformManager: Display: Loaded TargetPlatform 'Android_ETC2Client'
[2021.01.08-07.58.22:481][  0]LogTargetPlatformManager: Display: Loaded TargetPlatform 'Android_Multi'
[2021.01.08-07.58.22:481][  0]LogTargetPlatformManager: Display: Loaded TargetPlatform 'Android_MultiClient'
[2021.01.08-07.58.22:584][  0]LogTargetPlatformManager: Display: Loaded TargetPlatform 'IOSClient'
[2021.01.08-07.58.22:584][  0]LogTargetPlatformManager: Display: Loaded TargetPlatform 'IOS'
[2021.01.08-07.58.22:607][  0]LogTargetPlatformManager: Display: Loaded TargetPlatform 'Linux'
[2021.01.08-07.58.22:635][  0]LogTargetPlatformManager: Display: Loaded TargetPlatform 'LinuxNoEditor'
[2021.01.08-07.58.22:662][  0]LogTargetPlatformManager: Display: Loaded TargetPlatform 'LinuxClient'
[2021.01.08-07.58.22:670][  0]LogTargetPlatformManager: Display: Loaded TargetPlatform 'LinuxServer'
[2021.01.08-07.58.22:678][  0]LogTargetPlatformManager: Display: Loaded TargetPlatform 'LinuxAArch64NoEditor'
[2021.01.08-07.58.22:697][  0]LogTargetPlatformManager: Display: Loaded TargetPlatform 'LinuxAArch64Client'
[2021.01.08-07.58.22:719][  0]LogTargetPlatformManager: Display: Loaded TargetPlatform 'LinuxAArch64Server'
[2021.01.08-07.58.22:750][  0]LogTargetPlatformManager: Display: Loaded TargetPlatform 'Lumin'
[2021.01.08-07.58.22:750][  0]LogTargetPlatformManager: Display: Loaded TargetPlatform 'LuminClient'
[2021.01.08-07.58.22:810][  0]LogTargetPlatformManager: Display: Loaded TargetPlatform 'TVOSClient'
[2021.01.08-07.58.22:810][  0]LogTargetPlatformManager: Display: Loaded TargetPlatform 'TVOS'
[2021.01.08-07.58.22:843][  0]LogTargetPlatformManager: Display: Loaded TargetPlatform 'WindowsNoEditor'
[2021.01.08-07.58.22:852][  0]LogTargetPlatformManager: Display: Loaded TargetPlatform 'Windows'
[2021.01.08-07.58.22:876][  0]LogTargetPlatformManager: Display: Loaded TargetPlatform 'WindowsClient'
[2021.01.08-07.58.22:884][  0]LogTargetPlatformManager: Display: Loaded TargetPlatform 'WindowsServer'
[2021.01.08-07.58.22:884][  0]LogTargetPlatformManager: Display: Building Assets For Windows
[2021.01.08-07.58.22:978][  0]LogAudioDebug: Display: Lib vorbis DLL was dynamically loaded.
[2021.01.08-07.58.23:500][  0]LogShaderCompilers: Guid format shader working directory is -42 characters bigger than the processId version (../../../../../COLLAB 2021/CollabPrototype2RPG6/CollabPrototype2RPG6/CollabPrototype2RPG/Intermediate/Shaders/WorkingDirectory/3368/).
[2021.01.08-07.58.23:500][  0]LogShaderCompilers: Cleaned the shader compiler working directory 'C:/Users/Billy/AppData/Local/Temp/UnrealShaderWorkingDir/678304814CBBE845D7DEF68DD4DACB6B/'.
[2021.01.08-07.58.23:525][  0]LogXGEController: Cleaning working directory: C:/Users/Billy/AppData/Local/Temp/UnrealXGEWorkingDir/
[2021.01.08-07.58.23:525][  0]LogXGEController: Cannot use XGE Controller as Incredibuild is not installed on this machine.
[2021.01.08-07.58.23:526][  0]LogShaderCompilers: Cannot use XGE Shader Compiler as Incredibuild is not installed on this machine.
[2021.01.08-07.58.23:526][  0]LogShaderCompilers: Display: Using Local Shader Compiler.
[2021.01.08-07.58.24:919][  0]LogDerivedDataCache: Display: Max Cache Size: 512 MB
[2021.01.08-07.58.24:988][  0]LogDerivedDataCache: Loaded boot cache 0.07s 91MB C:/Users/Billy/AppData/Local/UnrealEngine/4.25/DerivedDataCache/Boot.ddc.
[2021.01.08-07.58.24:988][  0]LogDerivedDataCache: Display: Loaded Boot cache: C:/Users/Billy/AppData/Local/UnrealEngine/4.25/DerivedDataCache/Boot.ddc
[2021.01.08-07.58.24:988][  0]LogDerivedDataCache: FDerivedDataBackendGraph:  Pak pak cache file ../../../../../COLLAB 2021/CollabPrototype2RPG6/CollabPrototype2RPG6/CollabPrototype2RPG/DerivedDataCache/DDC.ddp not found, will not use a pak cache.
[2021.01.08-07.58.24:988][  0]LogDerivedDataCache: Unable to find inner node Pak for hierarchical cache Hierarchy.
[2021.01.08-07.58.24:988][  0]LogDerivedDataCache: FDerivedDataBackendGraph:  CompressedPak pak cache file ../../../../../COLLAB 2021/CollabPrototype2RPG6/CollabPrototype2RPG6/CollabPrototype2RPG/DerivedDataCache/Compressed.ddp not found, will not use a pak cache.
[2021.01.08-07.58.24:988][  0]LogDerivedDataCache: Unable to find inner node CompressedPak for hierarchical cache Hierarchy.
[2021.01.08-07.58.25:016][  0]LogDerivedDataCache: Display: Pak cache opened for reading ../../../Engine/DerivedDataCache/Compressed.ddp.
[2021.01.08-07.58.25:016][  0]LogDerivedDataCache: FDerivedDataBackendGraph:  EnterprisePak pak cache file ../../../Enterprise/DerivedDataCache/Compressed.ddp not found, will not use a pak cache.
[2021.01.08-07.58.25:016][  0]LogDerivedDataCache: Unable to find inner node EnterprisePak for hierarchical cache Hierarchy.
[2021.01.08-07.58.25:017][  0]LogDerivedDataCache: Using Local data cache path C:/Users/Billy/AppData/Local/UnrealEngine/Common/DerivedDataCache: Writable
[2021.01.08-07.58.25:017][  0]LogDerivedDataCache: Shared data cache path not found in *engine.ini, will not use an Shared cache.
[2021.01.08-07.58.25:017][  0]LogDerivedDataCache: Unable to find inner node Shared for hierarchical cache Hierarchy.
[2021.01.08-07.58.25:146][  0]LogSlate: Using FreeType 2.10.0
[2021.01.08-07.58.25:195][  0]LogSlate: SlateFontServices - WITH_FREETYPE: 1, WITH_HARFBUZZ: 1
[2021.01.08-07.58.25:646][  0]LogAssetRegistry: FAssetRegistry took 0.0043 seconds to start up
[2021.01.08-07.58.29:833][  0]LogInit: Selected Device Profile: [Windows]
[2021.01.08-07.58.31:007][  0]LogMeshReduction: Using QuadricMeshReduction for automatic static mesh reduction
[2021.01.08-07.58.31:007][  0]LogMeshReduction: Using SimplygonMeshReduction for automatic skeletal mesh reduction
[2021.01.08-07.58.31:007][  0]LogMeshReduction: Using ProxyLODMeshReduction for automatic mesh merging
[2021.01.08-07.58.31:007][  0]LogMeshReduction: No distributed automatic mesh merging module available
[2021.01.08-07.58.31:007][  0]LogMeshMerging: No distributed automatic mesh merging module available
[2021.01.08-07.58.31:263][  0]LogNetVersion: CollabPrototype2RPG 1.0.0, NetCL: 13144385, EngineNetVer: 14, GameNetVer: 0 (Checksum: 2179817022)
[2021.01.08-07.58.35:844][  0]LogAISub: UAISubsystem::UAISubsystem AISubsystem (00000268CD4929C0), frame # 0
[2021.01.08-07.58.35:844][  0]LogAISub: UAISubsystem::UAISubsystem AIPerceptionSystem (00000268CE33EAC0), frame # 0
[2021.01.08-07.58.35:910][  0]LogAISub: UAISubsystem::UAISubsystem EnvQueryManager (00000268CE38DC00), frame # 0
[2021.01.08-07.58.36:260][  0]LogPackageLocalizationCache: Processed 19 localized package path(s) for 1 prioritized culture(s) in 0.063600 seconds
[2021.01.08-07.58.36:275][  0]LogUObjectArray: 15917 objects as part of root set at end of initial load.
[2021.01.08-07.58.36:275][  0]LogUObjectAllocator: 3965568 out of 0 bytes used by permanent object pool.
[2021.01.08-07.58.36:275][  0]LogUObjectArray: CloseDisregardForGC: 0/0 objects in disregard for GC pool
[2021.01.08-07.58.39:566][  0]LogTcpMessaging: Initializing TcpMessaging bridge
[2021.01.08-07.58.39:611][  0]LogUdpMessaging: Initializing bridge on interface 0.0.0.0:0 to multicast group 230.0.0.1:6666.
[2021.01.08-07.58.40:238][  0]SourceControl: Source control is disabled
[2021.01.08-07.58.40:238][  0]SourceControl: Source control is disabled
[2021.01.08-07.58.40:297][  0]SourceControl: Source control is disabled
[2021.01.08-07.58.40:316][  0]SourceControl: Source control is disabled
[2021.01.08-07.58.40:324][  0]SourceControl: Source control is disabled
[2021.01.08-07.58.41:934][  0]LogAndroidPermission: UAndroidPermissionCallbackProxy::GetInstance
[2021.01.08-07.58.41:991][  0]LogAudioCaptureCore: Display: No Audio Capture implementations found. Audio input will be silent.
[2021.01.08-07.58.41:991][  0]LogAudioCaptureCore: Display: No Audio Capture implementations found. Audio input will be silent.
[2021.01.08-07.58.42:240][  0]LogOcInput: OculusInput pre-init called
[2021.01.08-07.58.42:270][  0]LogWindows: Failed to load 'OVRPlugin.dll' (GetLastError=126)
[2021.01.08-07.58.42:270][  0]LogWindows: File 'OVRPlugin.dll' does not exist
[2021.01.08-07.58.43:337][  0]LogEngine: Initializing Engine...
[2021.01.08-07.58.43:354][  0]LogHMD: Failed to initialize OpenVR with code 110
[2021.01.08-07.58.43:354][  0]LogMagicLeap: Warning: VR disabled because ZI is not enabled.  To enable, in the editor, Edit -> Project Settings -> Plugins -> Magic Leap Plugin -> Enable Zero Iteration
[2021.01.08-07.58.43:428][  0]LogStats: UGameplayTagsManager::InitializeManager -  0.021 s
[2021.01.08-07.58.43:954][  0]LogInit: Initializing FReadOnlyCVARCache
[2021.01.08-07.58.44:320][  0]LogAIModule: Creating AISystem for world Untitled
[2021.01.08-07.58.44:320][  0]LogAISub: UAISubsystem::UAISubsystem EnvQueryManager (00000268CFCC7C00), frame # 0
[2021.01.08-07.58.44:320][  0]LogAISub: UAISubsystem::UAISubsystem AIPerceptionSystem (00000268D015BB00), frame # 0
[2021.01.08-07.58.44:474][  0]LogAudioMixer: Display: Audio Mixer Platform Settings:
[2021.01.08-07.58.44:474][  0]LogAudioMixer: Display: 	Sample Rate:						  48000
[2021.01.08-07.58.44:474][  0]LogAudioMixer: Display: 	Callback Buffer Frame Size Requested: 1024
[2021.01.08-07.58.44:474][  0]LogAudioMixer: Display: 	Callback Buffer Frame Size To Use:	  1024
[2021.01.08-07.58.44:474][  0]LogAudioMixer: Display: 	Number of buffers to queue:			  2
[2021.01.08-07.58.44:474][  0]LogAudioMixer: Display: 	Max Channels (voices):				  32
[2021.01.08-07.58.44:474][  0]LogAudioMixer: Display: 	Number of Async Source Workers:		  0
[2021.01.08-07.58.44:480][  0]LogAudio: Display: AudioDevice MaxSources: 32
[2021.01.08-07.58.44:504][  0]LogAudio: Display: Using built-in audio occlusion.
[2021.01.08-07.58.44:504][  0]LogAudioMixer: Display: Initializing audio mixer.
[2021.01.08-07.58.44:579][  0]LogAudioMixer: Display: 0: FrontLeft
[2021.01.08-07.58.44:579][  0]LogAudioMixer: Display: 1: FrontRight
[2021.01.08-07.58.44:630][  0]LogAudioMixer: Display: Using Audio Device Speakers (Razer Kraken Ultimate)
[2021.01.08-07.58.44:664][  0]LogAudioMixer: Display: Initializing Sound Submixes...
[2021.01.08-07.58.44:688][  0]LogAudioMixer: Display: Creating Master Submix 'MasterSubmixDefault'
[2021.01.08-07.58.44:688][  0]LogAudioMixer: Display: Creating Master Submix 'MasterReverbSubmixDefault'
[2021.01.08-07.58.44:689][  0]LogAudioMixer: Display: Creating Master Submix 'MasterEQSubmixDefault'
[2021.01.08-07.58.44:690][  0]LogInit: FAudioDevice initialized.
[2021.01.08-07.58.44:691][  0]LogNetVersion: Set ProjectVersion to 1.0.0.0. Version Checksum will be recalculated on next use.
[2021.01.08-07.58.44:726][  0]LogDerivedDataCache: Saved boot cache 0.04s 75MB C:/Users/Billy/AppData/Local/UnrealEngine/4.25/DerivedDataCache/Boot.ddc.
[2021.01.08-07.58.44:727][  0]LogInit: Texture streaming: Enabled
[2021.01.08-07.58.44:783][  0]LogEngineSessionManager: EngineSessionManager initialized
[2021.01.08-07.58.44:783][  0]LogEditorSessionSummary: Verbose: Initializing EditorSessionSummaryWriter for editor session tracking
[2021.01.08-07.58.44:836][  0]LogEditorSessionSummary: EditorSessionSummaryWriter initialized
[2021.01.08-07.58.45:240][  0]LogInit: Transaction tracking system initialized
[2021.01.08-07.58.45:507][  0]BlueprintLog: New page: Editor Load
[2021.01.08-07.58.46:376][  0]LocalizationService: Localization service is disabled
[2021.01.08-07.58.48:258][  0]LogCook: Display: Max memory allowance for cook 16384mb min free memory 0mb
[2021.01.08-07.58.48:258][  0]LogCook: Display: Mobile HDR setting 1
[2021.01.08-07.58.48:767][  0]LogFileCache: Scanning file cache for directory 'D:/COLLAB 2021/CollabPrototype2RPG6/CollabPrototype2RPG6/CollabPrototype2RPG/Content/' took 0.15s
[2021.01.08-07.58.50:540][  0]SourceControl: Source control is disabled
[2021.01.08-07.58.50:827][  0]LogSlate: Took 0.011038 seconds to synchronously load lazily loaded font '../../../Engine/Content/Slate/Fonts/Roboto-Regular.ttf' (155K)
[2021.01.08-07.58.54:286][  0]LogSlate: Window 'Restore Packages' being destroyed
[2021.01.08-07.58.54:306][  0]LogWindowsTextInputMethodSystem: Display: IME system now deactivated.
[2021.01.08-07.58.54:341][  0]LogWindowsTextInputMethodSystem: Display: IME system now deactivated.
[2021.01.08-07.58.56:276][  0]LogSlate: Window 'Unable to Check Out From Source Control!' being destroyed
[2021.01.08-07.58.56:277][  0]LogWindowsTextInputMethodSystem: Display: IME system now deactivated.
[2021.01.08-07.58.56:280][  0]Message dialog closed, result: Ok, title: Unable to Check Out From Source Control!, text: The following assets could not be successfully checked out from source control:
/Game/Collab/Map_Cave_v2
[2021.01.08-07.58.56:480][  0]LogWindowsTextInputMethodSystem: Display: IME system now deactivated.
[2021.01.08-07.58.56:480][  0]LogUnrealEdMisc: Loading editor; pre map load, took 50.080
[2021.01.08-07.58.56:500][  0]Cmd: MAP LOAD FILE="../../../../../COLLAB 2021/CollabPrototype2RPG6/CollabPrototype2RPG6/CollabPrototype2RPG/Content/Collab/Map_Cave_v2.umap" TEMPLATE=0 SHOWPROGRESS=1 FEATURELEVEL=3
[2021.01.08-07.58.56:501][  0]LightingResults: New page: Lighting Build
[2021.01.08-07.58.56:624][  0]LogWorld: UWorld::CleanupWorld for Untitled, bSessionEnded=true, bCleanupResources=true
[2021.01.08-07.58.56:625][  0]LogSlate: InvalidateAllWidgets triggered.  All widgets were invalidated
[2021.01.08-07.58.56:639][  0]MapCheck: New page: Map Check
[2021.01.08-07.58.56:639][  0]LightingResults: New page: Lighting Build
[2021.01.08-07.58.56:918][  0]LogAISub: UAISubsystem::~UAISubsystem EnvQueryManager (00000268CFCC7C00), frame # 0
[2021.01.08-07.58.56:918][  0]LogAISub: UAISubsystem::~UAISubsystem AIPerceptionSystem (00000268D015BB00), frame # 0
[2021.01.08-07.58.56:919][  0]LogUObjectHash: Compacting FUObjectHashTables data took   0.49ms
[2021.01.08-07.58.59:731][  0]LogAIModule: Creating AISystem for world Map_Cave_v2
[2021.01.08-07.58.59:731][  0]LogAISub: UAISubsystem::UAISubsystem EnvQueryManager (00000268C767FE00), frame # 0
[2021.01.08-07.58.59:731][  0]LogAISub: UAISubsystem::UAISubsystem AIPerceptionSystem (00000268C7749D00), frame # 0
[2021.01.08-07.59.00:125][  0]LogScript: Warning: Accessed None trying to read property CallFunc_GetMovementComponent_ReturnValue
	ThirdPerson_AnimBP_C /Game/Collab/Map_Cave_v2.Map_Cave_v2:PersistentLevel.BossPawn_2.SkeletalMesh.ThirdPerson_AnimBP_C_0
	Function /Game/Mannequin/Animations/ThirdPerson_AnimBP.ThirdPerson_AnimBP_C:ExecuteUbergraph_ThirdPerson_AnimBP:0136
[2021.01.08-07.59.00:127][  0]LogScript: Warning: Accessed None trying to read property CallFunc_GetMovementComponent_ReturnValue
	ThirdPerson_AnimBP_C /Game/Collab/Map_Cave_v2.Map_Cave_v2:PersistentLevel.BossTallPawn_2.SkeletalMesh.ThirdPerson_AnimBP_C_0
	Function /Game/Mannequin/Animations/ThirdPerson_AnimBP.ThirdPerson_AnimBP_C:ExecuteUbergraph_ThirdPerson_AnimBP:0136
[2021.01.08-07.59.00:128][  0]LogScript: Warning: Accessed None trying to read property CallFunc_GetMovementComponent_ReturnValue
	ThirdPerson_AnimBP_C /Game/Collab/Map_Cave_v2.Map_Cave_v2:PersistentLevel.MeleeEnemyPawn_2.SkeletalMesh.ThirdPerson_AnimBP_C_0
	Function /Game/Mannequin/Animations/ThirdPerson_AnimBP.ThirdPerson_AnimBP_C:ExecuteUbergraph_ThirdPerson_AnimBP:0136
[2021.01.08-07.59.00:129][  0]LogScript: Warning: Accessed None trying to read property CallFunc_GetMovementComponent_ReturnValue
	ThirdPerson_AnimBP_C /Game/Collab/Map_Cave_v2.Map_Cave_v2:PersistentLevel.MeleeEnemyPawn2_5.SkeletalMesh.ThirdPerson_AnimBP_C_0
	Function /Game/Mannequin/Animations/ThirdPerson_AnimBP.ThirdPerson_AnimBP_C:ExecuteUbergraph_ThirdPerson_AnimBP:0136
[2021.01.08-07.59.00:130][  0]LogScript: Warning: Accessed None trying to read property CallFunc_GetMovementComponent_ReturnValue
	ThirdPerson_AnimBP_C /Game/Collab/Map_Cave_v2.Map_Cave_v2:PersistentLevel.MeleeEnemyPawn3_8.SkeletalMesh.ThirdPerson_AnimBP_C_0
	Function /Game/Mannequin/Animations/ThirdPerson_AnimBP.ThirdPerson_AnimBP_C:ExecuteUbergraph_ThirdPerson_AnimBP:0136
[2021.01.08-07.59.00:131][  0]LogScript: Warning: Accessed None trying to read property CallFunc_GetMovementComponent_ReturnValue
	ThirdPerson_AnimBP_C /Game/Collab/Map_Cave_v2.Map_Cave_v2:PersistentLevel.MeleeEnemyPawn4.SkeletalMesh.ThirdPerson_AnimBP_C_0
	Function /Game/Mannequin/Animations/ThirdPerson_AnimBP.ThirdPerson_AnimBP_C:ExecuteUbergraph_ThirdPerson_AnimBP:0136
[2021.01.08-07.59.00:132][  0]LogScript: Warning: Accessed None trying to read property CallFunc_GetMovementComponent_ReturnValue
	ThirdPerson_AnimBP_C /Game/Collab/Map_Cave_v2.Map_Cave_v2:PersistentLevel.MeleeEnemyPawn5.SkeletalMesh.ThirdPerson_AnimBP_C_0
	Function /Game/Mannequin/Animations/ThirdPerson_AnimBP.ThirdPerson_AnimBP_C:ExecuteUbergraph_ThirdPerson_AnimBP:0136
[2021.01.08-07.59.00:134][  0]LogScript: Warning: Accessed None trying to read property CallFunc_GetMovementComponent_ReturnValue
	ThirdPerson_AnimBP_C /Game/Collab/Map_Cave_v2.Map_Cave_v2:PersistentLevel.MeleeEnemyPawn6.SkeletalMesh.ThirdPerson_AnimBP_C_0
	Function /Game/Mannequin/Animations/ThirdPerson_AnimBP.ThirdPerson_AnimBP_C:ExecuteUbergraph_ThirdPerson_AnimBP:0136
[2021.01.08-07.59.00:135][  0]LogScript: Warning: Accessed None trying to read property CallFunc_GetMovementComponent_ReturnValue
	ThirdPerson_AnimBP_C /Game/Collab/Map_Cave_v2.Map_Cave_v2:PersistentLevel.MeleeEnemyPawn7.SkeletalMesh.ThirdPerson_AnimBP_C_0
	Function /Game/Mannequin/Animations/ThirdPerson_AnimBP.ThirdPerson_AnimBP_C:ExecuteUbergraph_ThirdPerson_AnimBP:0136
[2021.01.08-07.59.00:136][  0]LogScript: Warning: Accessed None trying to read property CallFunc_GetMovementComponent_ReturnValue
	ThirdPerson_AnimBP_C /Game/Collab/Map_Cave_v2.Map_Cave_v2:PersistentLevel.MeleeEnemyPawn8.SkeletalMesh.ThirdPerson_AnimBP_C_0
	Function /Game/Mannequin/Animations/ThirdPerson_AnimBP.ThirdPerson_AnimBP_C:ExecuteUbergraph_ThirdPerson_AnimBP:0136
[2021.01.08-07.59.00:137][  0]LogScript: Warning: Accessed None trying to read property CallFunc_GetMovementComponent_ReturnValue
	ThirdPerson_AnimBP_C /Game/Collab/Map_Cave_v2.Map_Cave_v2:PersistentLevel.MeleeEnemyPawn9.SkeletalMesh.ThirdPerson_AnimBP_C_0
	Function /Game/Mannequin/Animations/ThirdPerson_AnimBP.ThirdPerson_AnimBP_C:ExecuteUbergraph_ThirdPerson_AnimBP:0136
[2021.01.08-07.59.00:255][  0]LogEditorServer: Finished looking for orphan Actors (0.000 secs)
[2021.01.08-07.59.00:327][  0]LogNavigationDataBuild: Display:    Building NavData:  Name Default class /Script/NavigationSystem.RecastNavMesh agent radius 35.0.
[2021.01.08-07.59.00:339][  0]LogUObjectHash: Compacting FUObjectHashTables data took   0.74ms
[2021.01.08-07.59.00:340][  0]Cmd: MAP CHECKDEP NOCLEARLOG
[2021.01.08-07.59.00:340][  0]MapCheck: Map check complete: 0 Error(s), 0 Warning(s), took 0.307ms to complete.
[2021.01.08-07.59.00:340][  0]LogFileHelpers: Loading map 'Map_Cave_v2' took 3.840
[2021.01.08-07.59.01:214][  0]LogUnrealEdMisc: Total Editor Startup Time, took 54.814
[2021.01.08-07.59.02:933][  0]LogSlate: Updating window title bar state: overlay mode, drag disabled, window buttons hidden, title bar hidden
[2021.01.08-07.59.02:939][  0]LogSlate: Updating window title bar state: overlay mode, drag disabled, window buttons hidden, title bar hidden
[2021.01.08-07.59.02:945][  0]LogSlate: Updating window title bar state: overlay mode, drag disabled, window buttons hidden, title bar hidden
[2021.01.08-07.59.02:951][  0]LogSlate: Updating window title bar state: overlay mode, drag disabled, window buttons hidden, title bar hidden
[2021.01.08-07.59.03:041][  0]LogCollectionManager: Loaded 0 collections in 0.000600 seconds
[2021.01.08-07.59.03:103][  0]LogFileCache: Scanning file cache for directory 'D:/COLLAB 2021/CollabPrototype2RPG6/CollabPrototype2RPG6/CollabPrototype2RPG/Saved/Collections/' took 0.00s
[2021.01.08-07.59.03:104][  0]LogFileCache: Scanning file cache for directory 'D:/COLLAB 2021/CollabPrototype2RPG6/CollabPrototype2RPG6/CollabPrototype2RPG/Content/Developers/Billy/Collections/' took 0.00s
[2021.01.08-07.59.03:104][  0]LogFileCache: Scanning file cache for directory 'D:/COLLAB 2021/CollabPrototype2RPG6/CollabPrototype2RPG6/CollabPrototype2RPG/Content/Collections/' took 0.00s
[2021.01.08-07.59.03:104][  0]LogContentBrowser: Native class hierarchy populated in 0.0070 seconds. Added 3427 classes and 821 folders.
[2021.01.08-07.59.03:191][  0]LogContentBrowser: Native class hierarchy updated for 'WidgetCarousel' in 0.0002 seconds. Added 0 classes and 0 folders.
[2021.01.08-07.59.04:774][  0]LogContentBrowser: Native class hierarchy updated for 'AddContentDialog' in 0.0002 seconds. Added 0 classes and 0 folders.
[2021.01.08-07.59.04:810][  0]LogContentBrowser: Native class hierarchy updated for 'SceneOutliner' in 0.0003 seconds. Added 2 classes and 0 folders.
[2021.01.08-07.59.05:451][  0]LogSlate: Took 0.009181 seconds to synchronously load lazily loaded font '../../../Engine/Content/Slate/Fonts/Roboto-Bold.ttf' (160K)
[2021.01.08-07.59.05:515][  0]LogSlate: Took 0.048985 seconds to synchronously load lazily loaded font '../../../Engine/Content/Editor/Slate/Fonts/FontAwesome.ttf' (139K)
[2021.01.08-07.59.05:828][  0]LogRenderer: Reallocating scene render targets to support 1288x624 Format 10 NumSamples 1 (Frame:1).
[2021.01.08-07.59.06:231][  0]LogContentBrowser: Native class hierarchy updated for 'HierarchicalLODOutliner' in 0.0002 seconds. Added 0 classes and 0 folders.
[2021.01.08-07.59.06:231][  0]LogLoad: (Engine Initialization) Total time: 59.83 seconds
[2021.01.08-07.59.06:231][  0]LogLoad: (Engine Initialization) Total Blueprint compile time: 0.00 seconds
[2021.01.08-07.59.06:346][  0]LogAssetRegistry: Asset discovery search completed in 40.7011 seconds
[2021.01.08-07.59.06:349][  0]LogCollectionManager: Fixed up redirectors for 0 collections in 0.000002 seconds (updated 0 objects)
[2021.01.08-07.59.06:423][  0]LogContentStreaming: Texture pool size now 600 MB
[2021.01.08-07.59.06:538][  0]LogSlate: Took 0.065824 seconds to synchronously load lazily loaded font '../../../Engine/Content/Slate/Fonts/Roboto-Light.ttf' (167K)
[2021.01.08-07.59.07:626][  4]LogSlate: Took 0.000158 seconds to synchronously load lazily loaded font '../../../Engine/Content/Slate/Fonts/Roboto-Light.ttf' (167K)
[2021.01.08-07.59.13:635][629]LogEditorViewport: Clicking Background
[2021.01.08-07.59.16:388][945]LogScript: Warning: Accessed None trying to read property CallFunc_GetMovementComponent_ReturnValue
	ThirdPerson_AnimBP_C /Game/Collab/Map_Cave_v2.Map_Cave_v2:PersistentLevel.BossPawn_2.SkeletalMesh.ThirdPerson_AnimBP_C_0
	Function /Game/Mannequin/Animations/ThirdPerson_AnimBP.ThirdPerson_AnimBP_C:ExecuteUbergraph_ThirdPerson_AnimBP:0136
[2021.01.08-07.59.16:390][945]LogScript: Warning: Accessed None trying to read property CallFunc_GetMovementComponent_ReturnValue
	ThirdPerson_AnimBP_C /Game/Collab/Map_Cave_v2.Map_Cave_v2:PersistentLevel.BossTallPawn_2.SkeletalMesh.ThirdPerson_AnimBP_C_0
	Function /Game/Mannequin/Animations/ThirdPerson_AnimBP.ThirdPerson_AnimBP_C:ExecuteUbergraph_ThirdPerson_AnimBP:0136
[2021.01.08-07.59.16:392][945]LogScript: Warning: Accessed None trying to read property CallFunc_GetMovementComponent_ReturnValue
	ThirdPerson_AnimBP_C /Game/Collab/Map_Cave_v2.Map_Cave_v2:PersistentLevel.MeleeEnemyPawn_2.SkeletalMesh.ThirdPerson_AnimBP_C_0
	Function /Game/Mannequin/Animations/ThirdPerson_AnimBP.ThirdPerson_AnimBP_C:ExecuteUbergraph_ThirdPerson_AnimBP:0136
[2021.01.08-07.59.16:394][945]LogScript: Warning: Accessed None trying to read property CallFunc_GetMovementComponent_ReturnValue
	ThirdPerson_AnimBP_C /Game/Collab/Map_Cave_v2.Map_Cave_v2:PersistentLevel.MeleeEnemyPawn2_5.SkeletalMesh.ThirdPerson_AnimBP_C_0
	Function /Game/Mannequin/Animations/ThirdPerson_AnimBP.ThirdPerson_AnimBP_C:ExecuteUbergraph_ThirdPerson_AnimBP:0136
[2021.01.08-07.59.16:396][945]LogScript: Warning: Accessed None trying to read property CallFunc_GetMovementComponent_ReturnValue
	ThirdPerson_AnimBP_C /Game/Collab/Map_Cave_v2.Map_Cave_v2:PersistentLevel.MeleeEnemyPawn3_8.SkeletalMesh.ThirdPerson_AnimBP_C_0
	Function /Game/Mannequin/Animations/ThirdPerson_AnimBP.ThirdPerson_AnimBP_C:ExecuteUbergraph_ThirdPerson_AnimBP:0136
[2021.01.08-07.59.16:397][945]LogScript: Warning: Accessed None trying to read property CallFunc_GetMovementComponent_ReturnValue
	ThirdPerson_AnimBP_C /Game/Collab/Map_Cave_v2.Map_Cave_v2:PersistentLevel.MeleeEnemyPawn4.SkeletalMesh.ThirdPerson_AnimBP_C_0
	Function /Game/Mannequin/Animations/ThirdPerson_AnimBP.ThirdPerson_AnimBP_C:ExecuteUbergraph_ThirdPerson_AnimBP:0136
[2021.01.08-07.59.20:817][325]LogEditorViewport: Clicking on Actor (LMB): StaticMeshActor (Plane)
[2021.01.08-07.59.23:845][678]LogTemp: Repeating last play command: Selected Viewport
[2021.01.08-07.59.23:906][678]LogPlayLevel: PlayLevel: No blueprints needed recompiling
[2021.01.08-07.59.23:907][678]PIE: New page: PIE session: Map_Cave_v2 (8 Jan 2021, 07:59:23)
[2021.01.08-07.59.24:560][678]LogOnline: OSS: Creating online subsystem instance for: NULL
[2021.01.08-07.59.24:625][678]LogOnline: OSS: TryLoadSubsystemAndSetDefault: Loaded subsystem for module [NULL]
[2021.01.08-07.59.24:626][678]LogPlayLevel: Creating play world package: /Game/Collab/UEDPIE_0_Map_Cave_v2
[2021.01.08-07.59.24:642][678]LogPlayLevel: PIE: StaticDuplicateObject took: (0.015801s)
[2021.01.08-07.59.24:642][678]LogAIModule: Creating AISystem for world Map_Cave_v2
[2021.01.08-07.59.24:642][678]LogAISub: UAISubsystem::UAISubsystem EnvQueryManager (00000268EEB4BE00), frame # 1678
[2021.01.08-07.59.24:643][678]LogAISub: UAISubsystem::UAISubsystem AIPerceptionSystem (00000268C7336E80), frame # 1678
[2021.01.08-07.59.24:643][678]LogPlayLevel: PIE: World Init took: (0.000924s)
[2021.01.08-07.59.24:643][678]LogPlayLevel: PIE: Created PIE world by copying editor world from /Game/Collab/Map_Cave_v2.Map_Cave_v2 to /Game/Collab/UEDPIE_0_Map_Cave_v2.Map_Cave_v2 (0.016842s)
[2021.01.08-07.59.24:652][678]LogUObjectHash: Compacting FUObjectHashTables data took   0.51ms
[2021.01.08-07.59.24:653][678]LogAudioMixer: Display: Audio Mixer Platform Settings:
[2021.01.08-07.59.24:653][678]LogAudioMixer: Display: 	Sample Rate:						  48000
[2021.01.08-07.59.24:653][678]LogAudioMixer: Display: 	Callback Buffer Frame Size Requested: 1024
[2021.01.08-07.59.24:653][678]LogAudioMixer: Display: 	Callback Buffer Frame Size To Use:	  1024
[2021.01.08-07.59.24:654][678]LogAudioMixer: Display: 	Number of buffers to queue:			  2
[2021.01.08-07.59.24:654][678]LogAudioMixer: Display: 	Max Channels (voices):				  32
[2021.01.08-07.59.24:654][678]LogAudioMixer: Display: 	Number of Async Source Workers:		  0
[2021.01.08-07.59.24:654][678]LogAudio: Display: AudioDevice MaxSources: 32
[2021.01.08-07.59.24:654][678]LogAudio: Display: Using built-in audio occlusion.
[2021.01.08-07.59.24:654][678]LogAudioMixer: Display: Initializing audio mixer.
[2021.01.08-07.59.24:659][678]LogAudioMixer: Display: 0: FrontLeft
[2021.01.08-07.59.24:659][678]LogAudioMixer: Display: 1: FrontRight
[2021.01.08-07.59.24:686][678]LogAudioMixer: Display: Using Audio Device Speakers (Razer Kraken Ultimate)
[2021.01.08-07.59.24:686][678]LogAudioMixer: Display: Initializing Sound Submixes...
[2021.01.08-07.59.24:686][678]LogAudioMixer: Display: Creating Master Submix 'MasterSubmixDefault'
[2021.01.08-07.59.24:686][678]LogAudioMixer: Display: Creating Master Submix 'MasterReverbSubmixDefault'
[2021.01.08-07.59.24:686][678]LogAudioMixer: Display: Creating Master Submix 'MasterEQSubmixDefault'
[2021.01.08-07.59.24:696][678]LogInit: FAudioDevice initialized.
[2021.01.08-07.59.24:713][678]LogLoad: Game class is 'TopDownGameMode_C'
[2021.01.08-07.59.24:719][678]LogWorld: Bringing World /Game/Collab/UEDPIE_0_Map_Cave_v2.Map_Cave_v2 up for play (max tick rate 0) at 2021.01.08-07.59.24
[2021.01.08-07.59.24:733][678]LogWorld: Bringing up level for play took: 0.019176
[2021.01.08-07.59.24:734][678]LogOnline: OSS: Creating online subsystem instance for: :Context_2
[2021.01.08-07.59.24:812][678]LogContentBrowser: Native class hierarchy updated for 'MovieSceneCapture' in 0.0003 seconds. Added 20 classes and 0 folders.
[2021.01.08-07.59.24:883][678]PIE: Server logged in
[2021.01.08-07.59.24:884][678]PIE: Play in editor total start time 1.03 seconds.
[2021.01.08-07.59.25:762][782]LogBlueprintUserMessages: [TopDownGameMode_C_0] warrior
[2021.01.08-07.59.30:401][782]LogScript: Warning: Runaway loop detected (over 1,000,000 iterations) - see log for stack trace
	NewWanderNode_C /Game/Collab/UEDPIE_0_Map_Cave_v2.Map_Cave_v2:PersistentLevel.MeleeController_C_0.BTComponent.NewWanderNode_C_0
	Function /Game/Collab/AI/Behaviour/Service/NewWanderNode.NewWanderNode_C:ExecuteUbergraph_NewWanderNode:000A
[2021.01.08-07.59.30:401][782]PIE: Error: Infinite loop detected. Blueprint:  NewWanderNode Function:  SetActorLocation Call Stack:  Show
[2021.01.08-07.59.35:099][782]LogScript: Warning: Runaway loop detected (over 1,000,000 iterations) - see log for stack trace
	NewWanderNode_C /Game/Collab/UEDPIE_0_Map_Cave_v2.Map_Cave_v2:PersistentLevel.MeleeController_C_1.BTComponent.NewWanderNode_C_0
	Function /Game/Collab/AI/Behaviour/Service/NewWanderNode.NewWanderNode_C:ExecuteUbergraph_NewWanderNode:000A
[2021.01.08-07.59.35:099][782]PIE: Error: Infinite loop detected. Blueprint:  NewWanderNode Function:  SetActorLocation Call Stack:  Show
[2021.01.08-07.59.40:006][782]LogScript: Warning: Runaway loop detected (over 1,000,000 iterations) - see log for stack trace
	NewWanderNode_C /Game/Collab/UEDPIE_0_Map_Cave_v2.Map_Cave_v2:PersistentLevel.MeleeController_C_2.BTComponent.NewWanderNode_C_0
	Function /Game/Collab/AI/Behaviour/Service/NewWanderNode.NewWanderNode_C:ExecuteUbergraph_NewWanderNode:000A
[2021.01.08-07.59.40:006][782]PIE: Error: Infinite loop detected. Blueprint:  NewWanderNode Function:  SetActorLocation Call Stack:  Show
