Log file open, 01/08/21 07:59:46
LogInit: Display: Running engine for game: CollabPrototype2RPG
LogPlatformFile: Not using cached read wrapper
LogTaskGraph: Started task graph with 5 named threads and 20 total threads with 3 sets of task threads.
LogStats: Stats thread started at 0.140966
LogD3D11RHI: Loaded GFSDK_Aftermath_Lib.x64.dll
LogICUInternationalization: ICU TimeZone Detection - Raw Offset: +0:00, Platform Override: ''
LogPluginManager: Mounting plugin Paper2D
LogPluginManager: Mounting plugin AISupport
LogPluginManager: Mounting plugin LightPropagationVolume
LogPluginManager: Mounting plugin CameraShakePreviewer
LogPluginManager: Mounting plugin ActorLayerUtilities
LogPluginManager: Mounting plugin AnimationSharing
LogPluginManager: Mounting plugin CLionSourceCodeAccess
LogPluginManager: Mounting plugin CodeLiteSourceCodeAccess
LogPluginManager: Mounting plugin GitSourceControl
LogPluginManager: Mounting plugin KDevelopSourceCodeAccess
LogPluginManager: Mounting plugin NullSourceCodeAccess
LogPluginManager: Mounting plugin PerforceSourceControl
LogPluginManager: Mounting plugin PlasticSourceControl
LogPluginManager: Mounting plugin RiderSourceCodeAccess
LogPluginManager: Mounting plugin SubversionSourceControl
LogPluginManager: Mounting plugin UObjectPlugin
LogPluginManager: Mounting plugin VisualStudioCodeSourceCodeAccess
LogPluginManager: Mounting plugin VisualStudioSourceCodeAccess
LogPluginManager: Mounting plugin XCodeSourceCodeAccess
LogPluginManager: Mounting plugin AssetManagerEditor
LogPluginManager: Mounting plugin CryptoKeys
LogPluginManager: Mounting plugin CurveEditorTools
LogPluginManager: Mounting plugin DataValidation
LogPluginManager: Mounting plugin EditorScriptingUtilities
LogPluginManager: Mounting plugin FacialAnimation
LogPluginManager: Mounting plugin GameplayTagsEditor
LogPluginManager: Mounting plugin GeometryMode
LogPluginManager: Mounting plugin MacGraphicsSwitching
LogPluginManager: Mounting plugin MaterialAnalyzer
LogPluginManager: Mounting plugin MobileLauncherProfileWizard
LogPluginManager: Mounting plugin PluginBrowser
LogPluginManager: Mounting plugin SpeedTreeImporter
LogPluginManager: Mounting plugin DatasmithContent
LogPluginManager: Mounting plugin VariantManagerContent
LogPluginManager: Mounting plugin AlembicImporter
LogPluginManager: Mounting plugin AutomationUtils
LogPluginManager: Mounting plugin BackChannel
LogPluginManager: Mounting plugin ChaosCloth
LogPluginManager: Mounting plugin ChaosClothEditor
LogPluginManager: Mounting plugin ChaosEditor
LogPluginManager: Mounting plugin ChaosNiagara
LogPluginManager: Mounting plugin ChaosSolverPlugin
LogPluginManager: Mounting plugin CharacterAI
LogPluginManager: Mounting plugin GeometryCache
LogPluginManager: Mounting plugin GeometryCollectionPlugin
LogPluginManager: Mounting plugin GeometryProcessing
LogPluginManager: Mounting plugin PlanarCut
LogPluginManager: Mounting plugin PlatformCrypto
LogPluginManager: Mounting plugin ProxyLODPlugin
LogPluginManager: Mounting plugin SkeletalReduction
LogPluginManager: Mounting plugin Niagara
LogPluginManager: Mounting plugin MagicLeap
LogPluginManager: Mounting plugin MagicLeapLightEstimation
LogPluginManager: Mounting plugin MagicLeapMedia
LogPluginManager: Mounting plugin MagicLeapPassableWorld
LogPluginManager: Mounting plugin MLSDK
LogPluginManager: Mounting plugin AndroidMedia
LogPluginManager: Mounting plugin AvfMedia
LogPluginManager: Mounting plugin ImgMedia
LogPluginManager: Mounting plugin MediaCompositing
LogPluginManager: Mounting plugin MediaPlayerEditor
LogPluginManager: Mounting plugin WebMMedia
LogPluginManager: Mounting plugin WmfMedia
LogPluginManager: Mounting plugin MeshPainting
LogPluginManager: Mounting plugin TcpMessaging
LogPluginManager: Mounting plugin UdpMessaging
LogPluginManager: Mounting plugin ActorSequence
LogPluginManager: Mounting plugin LevelSequenceEditor
LogPluginManager: Mounting plugin MatineeToLevelSequence
LogPluginManager: Mounting plugin MovieRenderPipeline
LogPluginManager: Mounting plugin TemplateSequence
LogPluginManager: Mounting plugin NetcodeUnitTest
LogPluginManager: Mounting plugin NUTUnrealEngine4
LogPluginManager: Mounting plugin OnlineSubsystemGooglePlay
LogPluginManager: Mounting plugin OnlineSubsystemIOS
LogPluginManager: Mounting plugin OnlineSubsystem
LogPluginManager: Mounting plugin OnlineSubsystemNull
LogPluginManager: Mounting plugin OnlineSubsystemUtils
LogPluginManager: Mounting plugin LauncherChunkInstaller
LogPluginManager: Mounting plugin AndroidDeviceProfileSelector
LogPluginManager: Mounting plugin AndroidMoviePlayer
LogPluginManager: Mounting plugin AndroidPermission
LogPluginManager: Mounting plugin AppleImageUtils
LogPluginManager: Mounting plugin AppleMoviePlayer
LogPluginManager: Mounting plugin ArchVisCharacter
LogPluginManager: Mounting plugin AssetTags
LogPluginManager: Mounting plugin AudioCapture
LogPluginManager: Mounting plugin CableComponent
LogPluginManager: Mounting plugin CustomMeshComponent
LogPluginManager: Mounting plugin EditableMesh
LogPluginManager: Mounting plugin ExampleDeviceProfileSelector
LogPluginManager: Mounting plugin GoogleCloudMessaging
LogPluginManager: Mounting plugin GooglePAD
LogPluginManager: Mounting plugin IOSDeviceProfileSelector
LogPluginManager: Mounting plugin LinuxDeviceProfileSelector
LogPluginManager: Mounting plugin LocationServicesBPLibrary
LogPluginManager: Mounting plugin MobilePatchingUtils
LogPluginManager: Mounting plugin OculusVR
LogPluginManager: Mounting plugin PhysXVehicles
LogPluginManager: Mounting plugin PostSplashScreen
LogPluginManager: Mounting plugin ProceduralMeshComponent
LogPluginManager: Mounting plugin RuntimePhysXCooking
LogPluginManager: Mounting plugin SignificanceManager
LogPluginManager: Mounting plugin SoundFields
LogPluginManager: Mounting plugin SteamVR
LogPluginManager: Mounting plugin Synthesis
LogPluginManager: Mounting plugin WebMMoviePlayer
LogPluginManager: Mounting plugin WindowsMoviePlayer
LogPluginManager: Mounting plugin ScreenshotTools
LogInit: Using libcurl 7.55.1-DEV
LogInit:  - built for x86_64-pc-win32
LogInit:  - supports SSL with OpenSSL/1.1.1
LogInit:  - supports HTTP deflate (compression) using libz 1.2.8
LogInit:  - other features:
LogInit:      CURL_VERSION_SSL
LogInit:      CURL_VERSION_LIBZ
LogInit:      CURL_VERSION_IPV6
LogInit:      CURL_VERSION_ASYNCHDNS
LogInit:      CURL_VERSION_LARGEFILE
LogInit:      CURL_VERSION_IDN
LogInit:  CurlRequestOptions (configurable via config and command line):
LogInit:  - bVerifyPeer = true  - Libcurl will verify peer certificate
LogInit:  - bUseHttpProxy = false  - Libcurl will NOT use HTTP proxy
LogInit:  - bDontReuseConnections = false  - Libcurl will reuse connections
LogInit:  - MaxHostConnections = 16  - Libcurl will limit the number of connections to a host
LogInit:  - LocalHostAddr = Default
LogInit:  - BufferSize = 65536
LogOnline: OSS: Creating online subsystem instance for: NULL
LogInit: WinSock: version 1.1 (2.2), MaxSocks=32767, MaxUdp=65467
LogOnline: OSS: TryLoadSubsystemAndSetDefault: Loaded subsystem for module [NULL]
LogInit: Build: ++UE4+Release-4.25-CL-13942748
LogInit: Engine Version: 4.25.3-13942748+++UE4+Release-4.25
LogInit: Compatible Engine Version: 4.25.0-13144385+++UE4+Release-4.25
LogInit: Net CL: 13144385
LogInit: OS: Windows 10 (Release 1909) (), CPU: Intel(R) Core(TM) i5-9600K CPU @ 3.70GHz, GPU: Intel(R) UHD Graphics 630
LogInit: Compiled (64-bit): Jul 25 2020 02:07:48
LogInit: Compiled with Visual C++: 19.24.28315.00
LogInit: Build Configuration: Development
LogInit: Branch Name: ++UE4+Release-4.25
LogInit: Command Line: 
LogInit: Base Directory: D:/Epic Games/UE_4.25/Engine/Binaries/Win64/
LogInit: Allocator: TBB
LogInit: Installed Engine Build: 1
LogDevObjectVersion: Number of dev versions registered: 26
LogDevObjectVersion:   Dev-Blueprints (B0D832E4-1F89-4F0D-ACCF-7EB736FD4AA2): 10
LogDevObjectVersion:   Dev-Build (E1C64328-A22C-4D53-A36C-8E866417BD8C): 0
LogDevObjectVersion:   Dev-Core (375EC13C-06E4-48FB-B500-84F0262A717E): 4
LogDevObjectVersion:   Dev-Editor (E4B068ED-F494-42E9-A231-DA0B2E46BB41): 38
LogDevObjectVersion:   Dev-Framework (CFFC743F-43B0-4480-9391-14DF171D2073): 37
LogDevObjectVersion:   Dev-Mobile (B02B49B5-BB20-44E9-A304-32B752E40360): 2
LogDevObjectVersion:   Dev-Networking (A4E4105C-59A1-49B5-A7C5-40C4547EDFEE): 0
LogDevObjectVersion:   Dev-Online (39C831C9-5AE6-47DC-9A44-9C173E1C8E7C): 0
LogDevObjectVersion:   Dev-Physics (78F01B33-EBEA-4F98-B9B4-84EACCB95AA2): 4
LogDevObjectVersion:   Dev-Platform (6631380F-2D4D-43E0-8009-CF276956A95A): 0
LogDevObjectVersion:   Dev-Rendering (12F88B9F-8875-4AFC-A67C-D90C383ABD29): 43
LogDevObjectVersion:   Dev-Sequencer (7B5AE74C-D270-4C10-A958-57980B212A5A): 12
LogDevObjectVersion:   Dev-VR (D7296918-1DD6-4BDD-9DE2-64A83CC13884): 3
LogDevObjectVersion:   Dev-LoadTimes (C2A15278-BFE7-4AFE-6C17-90FF531DF755): 1
LogDevObjectVersion:   Private-Geometry (6EACA3D4-40EC-4CC1-B786-8BED09428FC5): 3
LogDevObjectVersion:   Dev-AnimPhys (29E575DD-E0A3-4627-9D10-D276232CDCEA): 17
LogDevObjectVersion:   Dev-Anim (AF43A65D-7FD3-4947-9873-3E8ED9C1BB05): 7
LogDevObjectVersion:   Dev-ReflectionCapture (6B266CEC-1EC7-4B8F-A30B-E4D90942FC07): 1
LogDevObjectVersion:   Dev-Automation (0DF73D61-A23F-47EA-B727-89E90C41499A): 1
LogDevObjectVersion:   FortniteMain (601D1886-AC64-4F84-AA16-D3DE0DEAC7D6): 31
LogDevObjectVersion:   Dev-Enterprise (9DFFBCD6-494F-0158-E221-12823C92A888): 10
LogDevObjectVersion:   Dev-Niagara (F2AED0AC-9AFE-416F-8664-AA7FFA26D6FC): 1
LogDevObjectVersion:   Dev-Destruction (174F1F0B-B4C6-45A5-B13F-2EE8D0FB917D): 10
LogDevObjectVersion:   Dev-Physics-Ext (35F94A83-E258-406C-A318-09F59610247C): 37
LogDevObjectVersion:   Dev-PhysicsMaterial-Chaos (B68FC16E-8B1B-42E2-B453-215C058844FE): 1
LogDevObjectVersion:   Dev-CineCamera (B2E18506-4273-CFC2-A54E-F4BB758BBA07): 1
LogInit: Presizing for max 25165824 objects, including 0 objects not considered by GC, pre-allocating 0 bytes for permanent pool.
LogConfig: Applying CVar settings from Section [/Script/Engine.StreamingSettings] File [D:/COLLAB 2021/CollabPrototype2RPG6/CollabPrototype2RPG6/CollabPrototype2RPG/Saved/Config/Windows/Engine.ini]
LogConfig: Setting CVar [[s.MinBulkDataSizeForAsyncLoading:131072]]
LogConfig: Setting CVar [[s.AsyncLoadingThreadEnabled:0]]
LogConfig: Setting CVar [[s.EventDrivenLoaderEnabled:1]]
LogConfig: Setting CVar [[s.WarnIfTimeLimitExceeded:0]]
LogConfig: Setting CVar [[s.TimeLimitExceededMultiplier:1.5]]
LogConfig: Setting CVar [[s.TimeLimitExceededMinTime:0.005]]
LogConfig: Setting CVar [[s.UseBackgroundLevelStreaming:1]]
LogConfig: Setting CVar [[s.PriorityAsyncLoadingExtraTime:15.0]]
LogConfig: Setting CVar [[s.LevelStreamingActorsUpdateTimeLimit:5.0]]
LogConfig: Setting CVar [[s.PriorityLevelStreamingActorsUpdateExtraTime:5.0]]
LogConfig: Setting CVar [[s.LevelStreamingComponentsRegistrationGranularity:10]]
LogConfig: Setting CVar [[s.UnregisterComponentsTimeLimit:1.0]]
LogConfig: Setting CVar [[s.LevelStreamingComponentsUnregistrationGranularity:5]]
LogConfig: Setting CVar [[s.FlushStreamingOnExit:1]]
LogInit: Object subsystem initialized
LogConfig: Setting CVar [[con.DebugEarlyDefault:1]]
LogConfig: Setting CVar [[r.setres:1280x720]]
[2021.01.08-07.59.46:957][  0]LogConfig: Setting CVar [[r.VSync:0]]
[2021.01.08-07.59.46:957][  0]LogConfig: Setting CVar [[r.RHICmdBypass:0]]
[2021.01.08-07.59.46:957][  0]LogConfig: Applying CVar settings from Section [/Script/Engine.RendererSettings] File [D:/COLLAB 2021/CollabPrototype2RPG6/CollabPrototype2RPG6/CollabPrototype2RPG/Saved/Config/Windows/Engine.ini]
[2021.01.08-07.59.46:957][  0]LogConfig: Setting CVar [[r.GPUCrashDebugging:0]]
[2021.01.08-07.59.46:957][  0]LogConfig: Applying CVar settings from Section [/Script/Engine.RendererOverrideSettings] File [D:/COLLAB 2021/CollabPrototype2RPG6/CollabPrototype2RPG6/CollabPrototype2RPG/Saved/Config/Windows/Engine.ini]
[2021.01.08-07.59.46:957][  0]LogConfig: Applying CVar settings from Section [/Script/Engine.StreamingSettings] File [D:/COLLAB 2021/CollabPrototype2RPG6/CollabPrototype2RPG6/CollabPrototype2RPG/Saved/Config/Windows/Engine.ini]
[2021.01.08-07.59.46:957][  0]LogConfig: Setting CVar [[s.MinBulkDataSizeForAsyncLoading:131072]]
[2021.01.08-07.59.46:957][  0]LogConfig: Setting CVar [[s.AsyncLoadingThreadEnabled:0]]
[2021.01.08-07.59.46:957][  0]LogConfig: Setting CVar [[s.EventDrivenLoaderEnabled:1]]
[2021.01.08-07.59.46:957][  0]LogConfig: Setting CVar [[s.WarnIfTimeLimitExceeded:0]]
[2021.01.08-07.59.46:957][  0]LogConfig: Setting CVar [[s.TimeLimitExceededMultiplier:1.5]]
[2021.01.08-07.59.46:957][  0]LogConfig: Setting CVar [[s.TimeLimitExceededMinTime:0.005]]
[2021.01.08-07.59.46:957][  0]LogConfig: Setting CVar [[s.UseBackgroundLevelStreaming:1]]
[2021.01.08-07.59.46:957][  0]LogConfig: Setting CVar [[s.PriorityAsyncLoadingExtraTime:15.0]]
[2021.01.08-07.59.46:957][  0]LogConfig: Setting CVar [[s.LevelStreamingActorsUpdateTimeLimit:5.0]]
[2021.01.08-07.59.46:957][  0]LogConfig: Setting CVar [[s.PriorityLevelStreamingActorsUpdateExtraTime:5.0]]
[2021.01.08-07.59.46:957][  0]LogConfig: Setting CVar [[s.LevelStreamingComponentsRegistrationGranularity:10]]
[2021.01.08-07.59.46:957][  0]LogConfig: Setting CVar [[s.UnregisterComponentsTimeLimit:1.0]]
[2021.01.08-07.59.46:957][  0]LogConfig: Setting CVar [[s.LevelStreamingComponentsUnregistrationGranularity:5]]
[2021.01.08-07.59.46:957][  0]LogConfig: Setting CVar [[s.FlushStreamingOnExit:1]]
[2021.01.08-07.59.46:957][  0]LogConfig: Applying CVar settings from Section [/Script/Engine.GarbageCollectionSettings] File [D:/COLLAB 2021/CollabPrototype2RPG6/CollabPrototype2RPG6/CollabPrototype2RPG/Saved/Config/Windows/Engine.ini]
[2021.01.08-07.59.46:958][  0]LogConfig: Setting CVar [[gc.MaxObjectsNotConsideredByGC:1]]
[2021.01.08-07.59.46:958][  0]LogConfig: Setting CVar [[gc.SizeOfPermanentObjectPool:0]]
[2021.01.08-07.59.46:958][  0]LogConfig: Setting CVar [[gc.FlushStreamingOnGC:0]]
[2021.01.08-07.59.46:958][  0]LogConfig: Setting CVar [[gc.NumRetriesBeforeForcingGC:10]]
[2021.01.08-07.59.46:958][  0]LogConfig: Setting CVar [[gc.AllowParallelGC:1]]
[2021.01.08-07.59.46:958][  0]LogConfig: Setting CVar [[gc.TimeBetweenPurgingPendingKillObjects:61.1]]
[2021.01.08-07.59.46:958][  0]LogConfig: Setting CVar [[gc.MaxObjectsInEditor:25165824]]
[2021.01.08-07.59.46:958][  0]LogConfig: Setting CVar [[gc.IncrementalBeginDestroyEnabled:1]]
[2021.01.08-07.59.46:958][  0]LogConfig: Setting CVar [[gc.CreateGCClusters:1]]
[2021.01.08-07.59.46:958][  0]LogConfig: Setting CVar [[gc.MinGCClusterSize:5]]
[2021.01.08-07.59.46:958][  0]LogConfig: Setting CVar [[gc.ActorClusteringEnabled:0]]
[2021.01.08-07.59.46:958][  0]LogConfig: Setting CVar [[gc.BlueprintClusteringEnabled:0]]
[2021.01.08-07.59.46:958][  0]LogConfig: Setting CVar [[gc.UseDisregardForGCOnDedicatedServers:0]]
[2021.01.08-07.59.46:958][  0]LogConfig: Applying CVar settings from Section [/Script/Engine.NetworkSettings] File [D:/COLLAB 2021/CollabPrototype2RPG6/CollabPrototype2RPG6/CollabPrototype2RPG/Saved/Config/Windows/Engine.ini]
[2021.01.08-07.59.46:958][  0]LogConfig: Applying CVar settings from Section [/Script/UnrealEd.CookerSettings] File [D:/COLLAB 2021/CollabPrototype2RPG6/CollabPrototype2RPG6/CollabPrototype2RPG/Saved/Config/Windows/Engine.ini]
[2021.01.08-07.59.46:961][  0]LogConfig: Applying CVar settings from Section [ViewDistanceQuality@3] File [D:/COLLAB 2021/CollabPrototype2RPG6/CollabPrototype2RPG6/CollabPrototype2RPG/Saved/Config/Windows/Scalability.ini]
[2021.01.08-07.59.46:961][  0]LogConfig: Setting CVar [[r.SkeletalMeshLODBias:0]]
[2021.01.08-07.59.46:961][  0]LogConfig: Setting CVar [[r.ViewDistanceScale:1.0]]
[2021.01.08-07.59.46:961][  0]LogConfig: Applying CVar settings from Section [AntiAliasingQuality@3] File [D:/COLLAB 2021/CollabPrototype2RPG6/CollabPrototype2RPG6/CollabPrototype2RPG/Saved/Config/Windows/Scalability.ini]
[2021.01.08-07.59.46:961][  0]LogConfig: Setting CVar [[r.PostProcessAAQuality:4]]
[2021.01.08-07.59.46:961][  0]LogConfig: Applying CVar settings from Section [ShadowQuality@3] File [D:/COLLAB 2021/CollabPrototype2RPG6/CollabPrototype2RPG6/CollabPrototype2RPG/Saved/Config/Windows/Scalability.ini]
[2021.01.08-07.59.46:961][  0]LogConfig: Setting CVar [[r.LightFunctionQuality:1]]
[2021.01.08-07.59.46:961][  0]LogConfig: Setting CVar [[r.ShadowQuality:5]]
[2021.01.08-07.59.46:961][  0]LogConfig: Setting CVar [[r.Shadow.CSM.MaxCascades:10]]
[2021.01.08-07.59.46:961][  0]LogConfig: Setting CVar [[r.Shadow.MaxResolution:2048]]
[2021.01.08-07.59.46:961][  0]LogConfig: Setting CVar [[r.Shadow.MaxCSMResolution:2048]]
[2021.01.08-07.59.46:961][  0]LogConfig: Setting CVar [[r.Shadow.RadiusThreshold:0.01]]
[2021.01.08-07.59.46:961][  0]LogConfig: Setting CVar [[r.Shadow.DistanceScale:1.0]]
[2021.01.08-07.59.46:961][  0]LogConfig: Setting CVar [[r.Shadow.CSM.TransitionScale:1.0]]
[2021.01.08-07.59.46:961][  0]LogConfig: Setting CVar [[r.Shadow.PreShadowResolutionFactor:1.0]]
[2021.01.08-07.59.46:961][  0]LogConfig: Setting CVar [[r.DistanceFieldShadowing:1]]
[2021.01.08-07.59.46:961][  0]LogConfig: Setting CVar [[r.DistanceFieldAO:1]]
[2021.01.08-07.59.46:961][  0]LogConfig: Setting CVar [[r.AOQuality:2]]
[2021.01.08-07.59.46:961][  0]LogConfig: Setting CVar [[r.VolumetricFog:1]]
[2021.01.08-07.59.46:961][  0]LogConfig: Setting CVar [[r.VolumetricFog.GridPixelSize:8]]
[2021.01.08-07.59.46:961][  0]LogConfig: Setting CVar [[r.VolumetricFog.GridSizeZ:128]]
[2021.01.08-07.59.46:961][  0]LogConfig: Setting CVar [[r.VolumetricFog.HistoryMissSupersampleCount:4]]
[2021.01.08-07.59.46:961][  0]LogConfig: Setting CVar [[r.LightMaxDrawDistanceScale:1]]
[2021.01.08-07.59.46:961][  0]LogConfig: Setting CVar [[r.CapsuleShadows:1]]
[2021.01.08-07.59.46:961][  0]LogConfig: Applying CVar settings from Section [PostProcessQuality@3] File [D:/COLLAB 2021/CollabPrototype2RPG6/CollabPrototype2RPG6/CollabPrototype2RPG/Saved/Config/Windows/Scalability.ini]
[2021.01.08-07.59.46:961][  0]LogConfig: Setting CVar [[r.MotionBlurQuality:4]]
[2021.01.08-07.59.46:961][  0]LogConfig: Setting CVar [[r.AmbientOcclusionMipLevelFactor:0.4]]
[2021.01.08-07.59.46:961][  0]LogConfig: Setting CVar [[r.AmbientOcclusionMaxQuality:100]]
[2021.01.08-07.59.46:961][  0]LogConfig: Setting CVar [[r.AmbientOcclusionLevels:-1]]
[2021.01.08-07.59.46:961][  0]LogConfig: Setting CVar [[r.AmbientOcclusionRadiusScale:1.0]]
[2021.01.08-07.59.46:961][  0]LogConfig: Setting CVar [[r.DepthOfFieldQuality:2]]
[2021.01.08-07.59.46:961][  0]LogConfig: Setting CVar [[r.RenderTargetPoolMin:400]]
[2021.01.08-07.59.46:961][  0]LogConfig: Setting CVar [[r.LensFlareQuality:2]]
[2021.01.08-07.59.46:961][  0]LogConfig: Setting CVar [[r.SceneColorFringeQuality:1]]
[2021.01.08-07.59.46:961][  0]LogConfig: Setting CVar [[r.EyeAdaptationQuality:2]]
[2021.01.08-07.59.46:961][  0]LogConfig: Setting CVar [[r.BloomQuality:5]]
[2021.01.08-07.59.46:961][  0]LogConfig: Setting CVar [[r.FastBlurThreshold:100]]
[2021.01.08-07.59.46:961][  0]LogConfig: Setting CVar [[r.Upscale.Quality:3]]
[2021.01.08-07.59.46:961][  0]LogConfig: Setting CVar [[r.Tonemapper.GrainQuantization:1]]
[2021.01.08-07.59.46:961][  0]LogConfig: Setting CVar [[r.LightShaftQuality:1]]
[2021.01.08-07.59.46:961][  0]LogConfig: Setting CVar [[r.Filter.SizeScale:1]]
[2021.01.08-07.59.46:961][  0]LogConfig: Setting CVar [[r.Tonemapper.Quality:5]]
[2021.01.08-07.59.46:961][  0]LogConfig: Setting CVar [[r.DOF.Gather.AccumulatorQuality:1        ; higher gathering accumulator quality]]
[2021.01.08-07.59.46:961][  0]LogConfig: Setting CVar [[r.DOF.Gather.PostfilterMethod:1          ; Median3x3 postfilering method]]
[2021.01.08-07.59.46:961][  0]LogConfig: Setting CVar [[r.DOF.Gather.EnableBokehSettings:0       ; no bokeh simulation when gathering]]
[2021.01.08-07.59.46:961][  0]LogConfig: Setting CVar [[r.DOF.Gather.RingCount:4                 ; medium number of samples when gathering]]
[2021.01.08-07.59.46:961][  0]LogConfig: Setting CVar [[r.DOF.Scatter.ForegroundCompositing:1    ; additive foreground scattering]]
[2021.01.08-07.59.46:961][  0]LogConfig: Setting CVar [[r.DOF.Scatter.BackgroundCompositing:2    ; additive background scattering]]
[2021.01.08-07.59.46:961][  0]LogConfig: Setting CVar [[r.DOF.Scatter.EnableBokehSettings:1      ; bokeh simulation when scattering]]
[2021.01.08-07.59.46:961][  0]LogConfig: Setting CVar [[r.DOF.Scatter.MaxSpriteRatio:0.1         ; only a maximum of 10% of scattered bokeh]]
[2021.01.08-07.59.46:961][  0]LogConfig: Setting CVar [[r.DOF.Recombine.Quality:1                ; cheap slight out of focus]]
[2021.01.08-07.59.46:961][  0]LogConfig: Setting CVar [[r.DOF.Recombine.EnableBokehSettings:0    ; no bokeh simulation on slight out of focus]]
[2021.01.08-07.59.46:961][  0]LogConfig: Setting CVar [[r.DOF.TemporalAAQuality:1                ; more stable temporal accumulation]]
[2021.01.08-07.59.46:961][  0]LogConfig: Setting CVar [[r.DOF.Kernel.MaxForegroundRadius:0.025]]
[2021.01.08-07.59.46:961][  0]LogConfig: Setting CVar [[r.DOF.Kernel.MaxBackgroundRadius:0.025]]
[2021.01.08-07.59.46:961][  0]LogConfig: Applying CVar settings from Section [TextureQuality@3] File [D:/COLLAB 2021/CollabPrototype2RPG6/CollabPrototype2RPG6/CollabPrototype2RPG/Saved/Config/Windows/Scalability.ini]
[2021.01.08-07.59.46:961][  0]LogConfig: Setting CVar [[r.Streaming.MipBias:0]]
[2021.01.08-07.59.46:961][  0]LogConfig: Setting CVar [[r.Streaming.AmortizeCPUToGPUCopy:0]]
[2021.01.08-07.59.46:961][  0]LogConfig: Setting CVar [[r.Streaming.MaxNumTexturesToStreamPerFrame:0]]
[2021.01.08-07.59.46:961][  0]LogConfig: Setting CVar [[r.Streaming.Boost:1]]
[2021.01.08-07.59.46:961][  0]LogConfig: Setting CVar [[r.MaxAnisotropy:8]]
[2021.01.08-07.59.46:961][  0]LogConfig: Setting CVar [[r.VT.MaxAnisotropy:8]]
[2021.01.08-07.59.46:961][  0]LogConfig: Setting CVar [[r.Streaming.LimitPoolSizeToVRAM:0]]
[2021.01.08-07.59.46:962][  0]LogConfig: Setting CVar [[r.Streaming.PoolSize:1000]]
[2021.01.08-07.59.46:962][  0]LogConfig: Setting CVar [[r.Streaming.MaxEffectiveScreenSize:0]]
[2021.01.08-07.59.46:962][  0]LogConfig: Applying CVar settings from Section [EffectsQuality@3] File [D:/COLLAB 2021/CollabPrototype2RPG6/CollabPrototype2RPG6/CollabPrototype2RPG/Saved/Config/Windows/Scalability.ini]
[2021.01.08-07.59.46:962][  0]LogConfig: Setting CVar [[r.TranslucencyLightingVolumeDim:64]]
[2021.01.08-07.59.46:962][  0]LogConfig: Setting CVar [[r.RefractionQuality:2]]
[2021.01.08-07.59.46:962][  0]LogConfig: Setting CVar [[r.SSR.Quality:3]]
[2021.01.08-07.59.46:962][  0]LogConfig: Setting CVar [[r.SSR.HalfResSceneColor:0]]
[2021.01.08-07.59.46:962][  0]LogConfig: Setting CVar [[r.SceneColorFormat:4]]
[2021.01.08-07.59.46:962][  0]LogConfig: Setting CVar [[r.DetailMode:2]]
[2021.01.08-07.59.46:962][  0]LogConfig: Setting CVar [[r.TranslucencyVolumeBlur:1]]
[2021.01.08-07.59.46:962][  0]LogConfig: Setting CVar [[r.MaterialQualityLevel:1 ; High quality]]
[2021.01.08-07.59.46:962][  0]LogConfig: Setting CVar [[r.SSS.Scale:1]]
[2021.01.08-07.59.46:962][  0]LogConfig: Setting CVar [[r.SSS.SampleSet:2]]
[2021.01.08-07.59.46:962][  0]LogConfig: Setting CVar [[r.SSS.Quality:1]]
[2021.01.08-07.59.46:962][  0]LogConfig: Setting CVar [[r.SSS.HalfRes:0]]
[2021.01.08-07.59.46:962][  0]LogConfig: Setting CVar [[r.SSGI.Quality:3]]
[2021.01.08-07.59.46:962][  0]LogConfig: Setting CVar [[r.EmitterSpawnRateScale:1.0]]
[2021.01.08-07.59.46:962][  0]LogConfig: Setting CVar [[r.ParticleLightQuality:2]]
[2021.01.08-07.59.46:962][  0]LogConfig: Setting CVar [[r.SkyAtmosphere.AerialPerspectiveLUT.FastApplyOnOpaque:1 ; Always have FastSkyLUT 1 in this case to avoid wrong sky]]
[2021.01.08-07.59.46:962][  0]LogConfig: Setting CVar [[r.SkyAtmosphere.AerialPerspectiveLUT.SampleCountPerSlice:1]]
[2021.01.08-07.59.46:962][  0]LogConfig: Setting CVar [[r.SkyAtmosphere.AerialPerspectiveLUT.DepthResolution:16.0]]
[2021.01.08-07.59.46:962][  0]LogConfig: Setting CVar [[r.SkyAtmosphere.FastSkyLUT:1]]
[2021.01.08-07.59.46:962][  0]LogConfig: Setting CVar [[r.SkyAtmosphere.FastSkyLUT.SampleCountMin:4.0]]
[2021.01.08-07.59.46:962][  0]LogConfig: Setting CVar [[r.SkyAtmosphere.FastSkyLUT.SampleCountMax:32.0]]
[2021.01.08-07.59.46:962][  0]LogConfig: Setting CVar [[r.SkyAtmosphere.SampleCountMin:4.0]]
[2021.01.08-07.59.46:962][  0]LogConfig: Setting CVar [[r.SkyAtmosphere.SampleCountMax:32.0]]
[2021.01.08-07.59.46:962][  0]LogConfig: Setting CVar [[r.SkyAtmosphere.TransmittanceLUT.UseSmallFormat:0]]
[2021.01.08-07.59.46:962][  0]LogConfig: Setting CVar [[r.SkyAtmosphere.TransmittanceLUT.SampleCount:10.0]]
[2021.01.08-07.59.46:962][  0]LogConfig: Setting CVar [[r.SkyAtmosphere.MultiScatteringLUT.SampleCount:15.0]]
[2021.01.08-07.59.46:962][  0]LogConfig: Applying CVar settings from Section [FoliageQuality@3] File [D:/COLLAB 2021/CollabPrototype2RPG6/CollabPrototype2RPG6/CollabPrototype2RPG/Saved/Config/Windows/Scalability.ini]
[2021.01.08-07.59.46:962][  0]LogConfig: Setting CVar [[foliage.DensityScale:1.0]]
[2021.01.08-07.59.46:962][  0]LogConfig: Setting CVar [[grass.DensityScale:1.0]]
[2021.01.08-07.59.46:962][  0]LogConfig: Applying CVar settings from Section [ShadingQuality@3] File [D:/COLLAB 2021/CollabPrototype2RPG6/CollabPrototype2RPG6/CollabPrototype2RPG/Saved/Config/Windows/Scalability.ini]
[2021.01.08-07.59.46:962][  0]LogConfig: Setting CVar [[r.HairStrands.SkyLighting.SampleCount:16]]
[2021.01.08-07.59.46:962][  0]LogConfig: Setting CVar [[r.HairStrands.SkyLighting.JitterIntegration:0]]
[2021.01.08-07.59.46:962][  0]LogConfig: Setting CVar [[r.HairStrands.SkyAO.SampleCount:16]]
[2021.01.08-07.59.46:962][  0]LogConfig: Setting CVar [[r.HairStrands.DeepShadow.SuperSampling:0]]
[2021.01.08-07.59.46:962][  0]LogConfig: Setting CVar [[r.HairStrands.VisibilityPPLL:0]]
[2021.01.08-07.59.46:962][  0]LogConfig: Setting CVar [[r.HairStrands.RasterizationScale:0.5]]
[2021.01.08-07.59.46:962][  0]LogConfig: Setting CVar [[r.HairStrands.VelocityRasterizationScale:1]]
[2021.01.08-07.59.46:962][  0]LogInit: Selected Device Profile: [Windows]
[2021.01.08-07.59.46:962][  0]LogInit: Applying CVar settings loaded from the selected device profile: [Windows]
[2021.01.08-07.59.46:962][  0]LogHAL: Display: Platform has ~ 16 GB [17022455808 / 17179869184 / 16], which maps to Larger [LargestMinGB=32, LargerMinGB=12, DefaultMinGB=8, SmallerMinGB=6, SmallestMinGB=0)
[2021.01.08-07.59.46:962][  0]LogInit: Going up to parent DeviceProfile []
[2021.01.08-07.59.46:962][  0]LogConfig: Applying CVar settings from Section [ViewDistanceQuality@3] File [D:/COLLAB 2021/CollabPrototype2RPG6/CollabPrototype2RPG6/CollabPrototype2RPG/Saved/Config/Windows/Scalability.ini]
[2021.01.08-07.59.46:962][  0]LogConfig: Setting CVar [[r.SkeletalMeshLODBias:0]]
[2021.01.08-07.59.46:962][  0]LogConfig: Setting CVar [[r.ViewDistanceScale:1.0]]
[2021.01.08-07.59.46:962][  0]LogConfig: Applying CVar settings from Section [AntiAliasingQuality@3] File [D:/COLLAB 2021/CollabPrototype2RPG6/CollabPrototype2RPG6/CollabPrototype2RPG/Saved/Config/Windows/Scalability.ini]
[2021.01.08-07.59.46:962][  0]LogConfig: Setting CVar [[r.PostProcessAAQuality:4]]
[2021.01.08-07.59.46:962][  0]LogConfig: Applying CVar settings from Section [ShadowQuality@3] File [D:/COLLAB 2021/CollabPrototype2RPG6/CollabPrototype2RPG6/CollabPrototype2RPG/Saved/Config/Windows/Scalability.ini]
[2021.01.08-07.59.46:962][  0]LogConfig: Setting CVar [[r.LightFunctionQuality:1]]
[2021.01.08-07.59.46:962][  0]LogConfig: Setting CVar [[r.ShadowQuality:5]]
[2021.01.08-07.59.46:962][  0]LogConfig: Setting CVar [[r.Shadow.CSM.MaxCascades:10]]
[2021.01.08-07.59.46:962][  0]LogConfig: Setting CVar [[r.Shadow.MaxResolution:2048]]
[2021.01.08-07.59.46:962][  0]LogConfig: Setting CVar [[r.Shadow.MaxCSMResolution:2048]]
[2021.01.08-07.59.46:962][  0]LogConfig: Setting CVar [[r.Shadow.RadiusThreshold:0.01]]
[2021.01.08-07.59.46:962][  0]LogConfig: Setting CVar [[r.Shadow.DistanceScale:1.0]]
[2021.01.08-07.59.46:962][  0]LogConfig: Setting CVar [[r.Shadow.CSM.TransitionScale:1.0]]
[2021.01.08-07.59.46:962][  0]LogConfig: Setting CVar [[r.Shadow.PreShadowResolutionFactor:1.0]]
[2021.01.08-07.59.46:962][  0]LogConfig: Setting CVar [[r.DistanceFieldShadowing:1]]
[2021.01.08-07.59.46:962][  0]LogConfig: Setting CVar [[r.DistanceFieldAO:1]]
[2021.01.08-07.59.46:962][  0]LogConfig: Setting CVar [[r.AOQuality:2]]
[2021.01.08-07.59.46:962][  0]LogConfig: Setting CVar [[r.VolumetricFog:1]]
[2021.01.08-07.59.46:962][  0]LogConfig: Setting CVar [[r.VolumetricFog.GridPixelSize:8]]
[2021.01.08-07.59.46:962][  0]LogConfig: Setting CVar [[r.VolumetricFog.GridSizeZ:128]]
[2021.01.08-07.59.46:962][  0]LogConfig: Setting CVar [[r.VolumetricFog.HistoryMissSupersampleCount:4]]
[2021.01.08-07.59.46:962][  0]LogConfig: Setting CVar [[r.LightMaxDrawDistanceScale:1]]
[2021.01.08-07.59.46:962][  0]LogConfig: Setting CVar [[r.CapsuleShadows:1]]
[2021.01.08-07.59.46:962][  0]LogConfig: Applying CVar settings from Section [PostProcessQuality@2] File [D:/COLLAB 2021/CollabPrototype2RPG6/CollabPrototype2RPG6/CollabPrototype2RPG/Saved/Config/Windows/Scalability.ini]
[2021.01.08-07.59.46:962][  0]LogConfig: Setting CVar [[r.MotionBlurQuality:3]]
[2021.01.08-07.59.46:962][  0]LogConfig: Setting CVar [[r.AmbientOcclusionMipLevelFactor:0.6]]
[2021.01.08-07.59.46:962][  0]LogConfig: Setting CVar [[r.AmbientOcclusionMaxQuality:100]]
[2021.01.08-07.59.46:962][  0]LogConfig: Setting CVar [[r.AmbientOcclusionLevels:-1]]
[2021.01.08-07.59.46:962][  0]LogConfig: Setting CVar [[r.AmbientOcclusionRadiusScale:1.5]]
[2021.01.08-07.59.46:962][  0]LogConfig: Setting CVar [[r.DepthOfFieldQuality:2]]
[2021.01.08-07.59.46:962][  0]LogConfig: Setting CVar [[r.RenderTargetPoolMin:400]]
[2021.01.08-07.59.46:962][  0]LogConfig: Setting CVar [[r.LensFlareQuality:2]]
[2021.01.08-07.59.46:962][  0]LogConfig: Setting CVar [[r.SceneColorFringeQuality:1]]
[2021.01.08-07.59.46:962][  0]LogConfig: Setting CVar [[r.EyeAdaptationQuality:2]]
[2021.01.08-07.59.46:962][  0]LogConfig: Setting CVar [[r.BloomQuality:5]]
[2021.01.08-07.59.46:962][  0]LogConfig: Setting CVar [[r.FastBlurThreshold:3]]
[2021.01.08-07.59.46:962][  0]LogConfig: Setting CVar [[r.Upscale.Quality:2]]
[2021.01.08-07.59.46:962][  0]LogConfig: Setting CVar [[r.Tonemapper.GrainQuantization:1]]
[2021.01.08-07.59.46:962][  0]LogConfig: Setting CVar [[r.LightShaftQuality:1]]
[2021.01.08-07.59.46:962][  0]LogConfig: Setting CVar [[r.Filter.SizeScale:0.8]]
[2021.01.08-07.59.46:962][  0]LogConfig: Setting CVar [[r.Tonemapper.Quality:5]]
[2021.01.08-07.59.46:962][  0]LogConfig: Setting CVar [[r.DOF.Gather.AccumulatorQuality:0        ; lower gathering accumulator quality]]
[2021.01.08-07.59.46:962][  0]LogConfig: Setting CVar [[r.DOF.Gather.PostfilterMethod:2          ; Max3x3 postfilering method]]
[2021.01.08-07.59.46:962][  0]LogConfig: Setting CVar [[r.DOF.Gather.EnableBokehSettings:0       ; no bokeh simulation when gathering]]
[2021.01.08-07.59.46:962][  0]LogConfig: Setting CVar [[r.DOF.Gather.RingCount:4                 ; medium number of samples when gathering]]
[2021.01.08-07.59.46:962][  0]LogConfig: Setting CVar [[r.DOF.Scatter.ForegroundCompositing:1    ; additive foreground scattering]]
[2021.01.08-07.59.46:962][  0]LogConfig: Setting CVar [[r.DOF.Scatter.BackgroundCompositing:1    ; no background occlusion]]
[2021.01.08-07.59.46:963][  0]LogConfig: Setting CVar [[r.DOF.Scatter.EnableBokehSettings:0      ; no bokeh simulation when scattering]]
[2021.01.08-07.59.46:963][  0]LogConfig: Setting CVar [[r.DOF.Scatter.MaxSpriteRatio:0.04        ; only a maximum of 4% of scattered bokeh]]
[2021.01.08-07.59.46:963][  0]LogConfig: Setting CVar [[r.DOF.Recombine.Quality:0                ; no slight out of focus]]
[2021.01.08-07.59.46:963][  0]LogConfig: Setting CVar [[r.DOF.TemporalAAQuality:0                ; faster temporal accumulation]]
[2021.01.08-07.59.46:963][  0]LogConfig: Setting CVar [[r.DOF.Kernel.MaxForegroundRadius:0.012   ; required because of AccumulatorQuality=0]]
[2021.01.08-07.59.46:963][  0]LogConfig: Setting CVar [[r.DOF.Kernel.MaxBackgroundRadius:0.012   ; required because of AccumulatorQuality=0]]
[2021.01.08-07.59.46:963][  0]LogConfig: Applying CVar settings from Section [TextureQuality@1] File [D:/COLLAB 2021/CollabPrototype2RPG6/CollabPrototype2RPG6/CollabPrototype2RPG/Saved/Config/Windows/Scalability.ini]
[2021.01.08-07.59.46:963][  0]LogConfig: Setting CVar [[r.Streaming.MipBias:1]]
[2021.01.08-07.59.46:963][  0]LogConfig: Setting CVar [[r.Streaming.AmortizeCPUToGPUCopy:0]]
[2021.01.08-07.59.46:963][  0]LogConfig: Setting CVar [[r.Streaming.MaxNumTexturesToStreamPerFrame:0]]
[2021.01.08-07.59.46:963][  0]LogConfig: Setting CVar [[r.Streaming.Boost:1]]
[2021.01.08-07.59.46:963][  0]LogConfig: Setting CVar [[r.MaxAnisotropy:2]]
[2021.01.08-07.59.46:963][  0]LogConfig: Setting CVar [[r.VT.MaxAnisotropy:4]]
[2021.01.08-07.59.46:963][  0]LogConfig: Setting CVar [[r.Streaming.LimitPoolSizeToVRAM:1]]
[2021.01.08-07.59.46:963][  0]LogConfig: Setting CVar [[r.Streaming.PoolSize:600]]
[2021.01.08-07.59.46:963][  0]LogConfig: Setting CVar [[r.Streaming.MaxEffectiveScreenSize:0]]
[2021.01.08-07.59.46:963][  0]LogConfig: Applying CVar settings from Section [EffectsQuality@3] File [D:/COLLAB 2021/CollabPrototype2RPG6/CollabPrototype2RPG6/CollabPrototype2RPG/Saved/Config/Windows/Scalability.ini]
[2021.01.08-07.59.46:963][  0]LogConfig: Setting CVar [[r.TranslucencyLightingVolumeDim:64]]
[2021.01.08-07.59.46:963][  0]LogConfig: Setting CVar [[r.RefractionQuality:2]]
[2021.01.08-07.59.46:963][  0]LogConfig: Setting CVar [[r.SSR.Quality:3]]
[2021.01.08-07.59.46:963][  0]LogConfig: Setting CVar [[r.SSR.HalfResSceneColor:0]]
[2021.01.08-07.59.46:963][  0]LogConfig: Setting CVar [[r.SceneColorFormat:4]]
[2021.01.08-07.59.46:963][  0]LogConfig: Setting CVar [[r.DetailMode:2]]
[2021.01.08-07.59.46:963][  0]LogConfig: Setting CVar [[r.TranslucencyVolumeBlur:1]]
[2021.01.08-07.59.46:963][  0]LogConfig: Setting CVar [[r.MaterialQualityLevel:1 ; High quality]]
[2021.01.08-07.59.46:963][  0]LogConfig: Setting CVar [[r.SSS.Scale:1]]
[2021.01.08-07.59.46:963][  0]LogConfig: Setting CVar [[r.SSS.SampleSet:2]]
[2021.01.08-07.59.46:963][  0]LogConfig: Setting CVar [[r.SSS.Quality:1]]
[2021.01.08-07.59.46:963][  0]LogConfig: Setting CVar [[r.SSS.HalfRes:0]]
[2021.01.08-07.59.46:963][  0]LogConfig: Setting CVar [[r.SSGI.Quality:3]]
[2021.01.08-07.59.46:963][  0]LogConfig: Setting CVar [[r.EmitterSpawnRateScale:1.0]]
[2021.01.08-07.59.46:963][  0]LogConfig: Setting CVar [[r.ParticleLightQuality:2]]
[2021.01.08-07.59.46:963][  0]LogConfig: Setting CVar [[r.SkyAtmosphere.AerialPerspectiveLUT.FastApplyOnOpaque:1 ; Always have FastSkyLUT 1 in this case to avoid wrong sky]]
[2021.01.08-07.59.46:963][  0]LogConfig: Setting CVar [[r.SkyAtmosphere.AerialPerspectiveLUT.SampleCountPerSlice:1]]
[2021.01.08-07.59.46:963][  0]LogConfig: Setting CVar [[r.SkyAtmosphere.AerialPerspectiveLUT.DepthResolution:16.0]]
[2021.01.08-07.59.46:963][  0]LogConfig: Setting CVar [[r.SkyAtmosphere.FastSkyLUT:1]]
[2021.01.08-07.59.46:963][  0]LogConfig: Setting CVar [[r.SkyAtmosphere.FastSkyLUT.SampleCountMin:4.0]]
[2021.01.08-07.59.46:963][  0]LogConfig: Setting CVar [[r.SkyAtmosphere.FastSkyLUT.SampleCountMax:32.0]]
[2021.01.08-07.59.46:963][  0]LogConfig: Setting CVar [[r.SkyAtmosphere.SampleCountMin:4.0]]
[2021.01.08-07.59.46:963][  0]LogConfig: Setting CVar [[r.SkyAtmosphere.SampleCountMax:32.0]]
[2021.01.08-07.59.46:963][  0]LogConfig: Setting CVar [[r.SkyAtmosphere.TransmittanceLUT.UseSmallFormat:0]]
[2021.01.08-07.59.46:963][  0]LogConfig: Setting CVar [[r.SkyAtmosphere.TransmittanceLUT.SampleCount:10.0]]
[2021.01.08-07.59.46:963][  0]LogConfig: Setting CVar [[r.SkyAtmosphere.MultiScatteringLUT.SampleCount:15.0]]
[2021.01.08-07.59.46:963][  0]LogConfig: Applying CVar settings from Section [FoliageQuality@1] File [D:/COLLAB 2021/CollabPrototype2RPG6/CollabPrototype2RPG6/CollabPrototype2RPG/Saved/Config/Windows/Scalability.ini]
[2021.01.08-07.59.46:963][  0]LogConfig: Setting CVar [[foliage.DensityScale:0.4]]
[2021.01.08-07.59.46:963][  0]LogConfig: Setting CVar [[grass.DensityScale:0.4]]
[2021.01.08-07.59.46:963][  0]LogConfig: Applying CVar settings from Section [ShadingQuality@3] File [D:/COLLAB 2021/CollabPrototype2RPG6/CollabPrototype2RPG6/CollabPrototype2RPG/Saved/Config/Windows/Scalability.ini]
[2021.01.08-07.59.46:963][  0]LogConfig: Setting CVar [[r.HairStrands.SkyLighting.SampleCount:16]]
[2021.01.08-07.59.46:963][  0]LogConfig: Setting CVar [[r.HairStrands.SkyLighting.JitterIntegration:0]]
[2021.01.08-07.59.46:963][  0]LogConfig: Setting CVar [[r.HairStrands.SkyAO.SampleCount:16]]
[2021.01.08-07.59.46:963][  0]LogConfig: Setting CVar [[r.HairStrands.DeepShadow.SuperSampling:0]]
[2021.01.08-07.59.46:963][  0]LogConfig: Setting CVar [[r.HairStrands.VisibilityPPLL:0]]
[2021.01.08-07.59.46:963][  0]LogConfig: Setting CVar [[r.HairStrands.RasterizationScale:0.5]]
[2021.01.08-07.59.46:963][  0]LogConfig: Setting CVar [[r.HairStrands.VelocityRasterizationScale:1]]
[2021.01.08-07.59.46:963][  0]LogConfig: Applying CVar settings from Section [Startup] File [../../../Engine/Config/ConsoleVariables.ini]
[2021.01.08-07.59.46:963][  0]LogConfig: Setting CVar [[net.UseAdaptiveNetUpdateFrequency:0]]
[2021.01.08-07.59.46:963][  0]LogConfig: Setting CVar [[p.chaos.AllowCreatePhysxBodies:1]]
[2021.01.08-07.59.46:963][  0]LogConfig: Setting CVar [[fx.SkipVectorVMBackendOptimizations:1]]
[2021.01.08-07.59.46:963][  0]LogConfig: Applying CVar settings from Section [ConsoleVariables] File [D:/COLLAB 2021/CollabPrototype2RPG6/CollabPrototype2RPG6/CollabPrototype2RPG/Saved/Config/Windows/Engine.ini]
[2021.01.08-07.59.46:963][  0]LogInit: Computer: DESKTOP-OUFH0JJ
[2021.01.08-07.59.46:963][  0]LogInit: User: Billy
[2021.01.08-07.59.46:963][  0]LogInit: CPU Page size=4096, Cores=6
[2021.01.08-07.59.46:963][  0]LogInit: High frequency timer resolution =10.000000 MHz
[2021.01.08-07.59.46:963][  0]LogMemory: Memory total: Physical=15.9GB (16GB approx)
[2021.01.08-07.59.46:964][  0]LogMemory: Platform Memory Stats for Windows
[2021.01.08-07.59.46:964][  0]LogMemory: Process Physical Memory: 114.28 MB used, 114.29 MB peak
[2021.01.08-07.59.46:964][  0]LogMemory: Process Virtual Memory: 97.99 MB used, 97.99 MB peak
[2021.01.08-07.59.46:964][  0]LogMemory: Physical Memory: 5568.36 MB used,  10665.52 MB free, 16233.88 MB total
[2021.01.08-07.59.46:964][  0]LogMemory: Virtual Memory: 5139.24 MB used,  134212592.00 MB free, 134217728.00 MB total
[2021.01.08-07.59.46:968][  0]LogWindows: WindowsPlatformFeatures enabled
[2021.01.08-07.59.47:010][  0]LogInit: Physics initialised using underlying interface: PhysX
[2021.01.08-07.59.47:010][  0]LogInit: Using OS detected language (en-GB).
[2021.01.08-07.59.47:010][  0]LogInit: Using OS detected locale (en-GB).
[2021.01.08-07.59.47:011][  0]LogTextLocalizationManager: No specific localization for 'en-GB' exists, so the 'en' localization will be used.
[2021.01.08-07.59.47:154][  0]LogInit: Setting process to per monitor DPI aware
[2021.01.08-07.59.47:176][  0]LogSlate: New Slate User Created.  User Index 0, Is Virtual User: 0
[2021.01.08-07.59.47:176][  0]LogSlate: Slate User Registered.  User Index 0, Is Virtual User: 0
[2021.01.08-07.59.47:281][  0]LogHMD: Failed to initialize OpenVR with code 110
[2021.01.08-07.59.47:281][  0]LogD3D11RHI: D3D11 min allowed feature level: 11_0
[2021.01.08-07.59.47:281][  0]LogD3D11RHI: D3D11 max allowed feature level: 11_0
[2021.01.08-07.59.47:281][  0]LogD3D11RHI: D3D11 adapters:
[2021.01.08-07.59.47:338][  0]LogD3D11RHI:    0. 'NVIDIA GeForce RTX 2070' (Feature Level 11_0)
[2021.01.08-07.59.47:338][  0]LogD3D11RHI:       8031/0/8116 MB DedicatedVideo/DedicatedSystem/SharedSystem, Outputs:1, VendorId:0x10de
[2021.01.08-07.59.47:356][  0]LogD3D11RHI:    1. 'Intel(R) UHD Graphics 630' (Feature Level 11_0)
[2021.01.08-07.59.47:356][  0]LogD3D11RHI:       128/0/8116 MB DedicatedVideo/DedicatedSystem/SharedSystem, Outputs:1, VendorId:0x8086
[2021.01.08-07.59.47:358][  0]LogD3D11RHI:    2. 'Microsoft Basic Render Driver' (Feature Level 11_0)
[2021.01.08-07.59.47:358][  0]LogD3D11RHI:       0/0/8116 MB DedicatedVideo/DedicatedSystem/SharedSystem, Outputs:0, VendorId:0x1414
[2021.01.08-07.59.47:358][  0]LogD3D11RHI: Chosen D3D11 Adapter: 0
[2021.01.08-07.59.47:364][  0]LogD3D11RHI: Creating new Direct3DDevice
[2021.01.08-07.59.47:364][  0]LogD3D11RHI:     GPU DeviceId: 0x1f02 (for the marketing name, search the web for "GPU Device Id")
[2021.01.08-07.59.47:364][  0]LogWindows: EnumDisplayDevices:
[2021.01.08-07.59.47:364][  0]LogWindows:    0. 'Intel(R) UHD Graphics 630' (P:0 D:1)
[2021.01.08-07.59.47:365][  0]LogWindows:    1. 'Intel(R) UHD Graphics 630' (P:0 D:0)
[2021.01.08-07.59.47:365][  0]LogWindows:    2. 'Intel(R) UHD Graphics 630' (P:0 D:0)
[2021.01.08-07.59.47:365][  0]LogWindows:    3. 'NVIDIA GeForce RTX 2070' (P:1 D:1)
[2021.01.08-07.59.47:365][  0]LogWindows:    4. 'NVIDIA GeForce RTX 2070' (P:0 D:0)
[2021.01.08-07.59.47:365][  0]LogWindows:    5. 'NVIDIA GeForce RTX 2070' (P:0 D:0)
[2021.01.08-07.59.47:365][  0]LogWindows:    6. 'NVIDIA GeForce RTX 2070' (P:0 D:0)
[2021.01.08-07.59.47:366][  0]LogWindows: DebugString: PrimaryIsNotTheChoosenAdapter PrimaryIsNotTheChoosenAdapter PrimaryIsNotTheChoosenAdapter FoundDriverCount:4 
[2021.01.08-07.59.47:366][  0]LogD3D11RHI:     Adapter Name: NVIDIA GeForce RTX 2070
[2021.01.08-07.59.47:366][  0]LogD3D11RHI:   Driver Version: 460.89 (internal:27.21.14.6089, unified:460.89)
[2021.01.08-07.59.47:366][  0]LogD3D11RHI:      Driver Date: 12-11-2020
[2021.01.08-07.59.47:366][  0]LogRHI: Texture pool is 5621 MB (70% of 8031 MB)
[2021.01.08-07.59.47:407][  0]LogD3D11RHI: RHI has support for 64 bit atomics
[2021.01.08-07.59.47:409][  0]LogD3D11RHI: [Aftermath] Enabled and primed
[2021.01.08-07.59.47:409][  0]LogD3D11RHI: Async texture creation enabled
[2021.01.08-07.59.47:409][  0]LogD3D11RHI: Array index from any shader is supported
[2021.01.08-07.59.47:426][  0]LogD3D11RHI: GPU Timing Frequency: 1000.000000 (Debug: 2 1)
[2021.01.08-07.59.47:641][  0]LogTargetPlatformManager: Display: Loaded TargetPlatform 'AllDesktop'
[2021.01.08-07.59.47:657][  0]LogTargetPlatformManager: Display: Loaded TargetPlatform 'Android'
[2021.01.08-07.59.47:657][  0]LogTargetPlatformManager: Display: Loaded TargetPlatform 'Android_ASTC'
[2021.01.08-07.59.47:657][  0]LogTargetPlatformManager: Display: Loaded TargetPlatform 'Android_DXT'
[2021.01.08-07.59.47:657][  0]LogTargetPlatformManager: Display: Loaded TargetPlatform 'Android_ETC2'
[2021.01.08-07.59.47:657][  0]LogTargetPlatformManager: Display: Loaded TargetPlatform 'AndroidClient'
[2021.01.08-07.59.47:657][  0]LogTargetPlatformManager: Display: Loaded TargetPlatform 'Android_ASTCClient'
[2021.01.08-07.59.47:657][  0]LogTargetPlatformManager: Display: Loaded TargetPlatform 'Android_DXTClient'
[2021.01.08-07.59.47:657][  0]LogTargetPlatformManager: Display: Loaded TargetPlatform 'Android_ETC2Client'
[2021.01.08-07.59.47:657][  0]LogTargetPlatformManager: Display: Loaded TargetPlatform 'Android_Multi'
[2021.01.08-07.59.47:657][  0]LogTargetPlatformManager: Display: Loaded TargetPlatform 'Android_MultiClient'
[2021.01.08-07.59.47:674][  0]LogTargetPlatformManager: Display: Loaded TargetPlatform 'IOSClient'
[2021.01.08-07.59.47:674][  0]LogTargetPlatformManager: Display: Loaded TargetPlatform 'IOS'
[2021.01.08-07.59.47:682][  0]LogTargetPlatformManager: Display: Loaded TargetPlatform 'Linux'
[2021.01.08-07.59.47:689][  0]LogTargetPlatformManager: Display: Loaded TargetPlatform 'LinuxNoEditor'
[2021.01.08-07.59.47:695][  0]LogTargetPlatformManager: Display: Loaded TargetPlatform 'LinuxClient'
[2021.01.08-07.59.47:702][  0]LogTargetPlatformManager: Display: Loaded TargetPlatform 'LinuxServer'
[2021.01.08-07.59.47:708][  0]LogTargetPlatformManager: Display: Loaded TargetPlatform 'LinuxAArch64NoEditor'
[2021.01.08-07.59.47:715][  0]LogTargetPlatformManager: Display: Loaded TargetPlatform 'LinuxAArch64Client'
[2021.01.08-07.59.47:721][  0]LogTargetPlatformManager: Display: Loaded TargetPlatform 'LinuxAArch64Server'
[2021.01.08-07.59.47:739][  0]LogTargetPlatformManager: Display: Loaded TargetPlatform 'Lumin'
[2021.01.08-07.59.47:739][  0]LogTargetPlatformManager: Display: Loaded TargetPlatform 'LuminClient'
[2021.01.08-07.59.47:750][  0]LogTargetPlatformManager: Display: Loaded TargetPlatform 'TVOSClient'
[2021.01.08-07.59.47:750][  0]LogTargetPlatformManager: Display: Loaded TargetPlatform 'TVOS'
[2021.01.08-07.59.47:757][  0]LogTargetPlatformManager: Display: Loaded TargetPlatform 'WindowsNoEditor'
[2021.01.08-07.59.47:764][  0]LogTargetPlatformManager: Display: Loaded TargetPlatform 'Windows'
[2021.01.08-07.59.47:770][  0]LogTargetPlatformManager: Display: Loaded TargetPlatform 'WindowsClient'
[2021.01.08-07.59.47:777][  0]LogTargetPlatformManager: Display: Loaded TargetPlatform 'WindowsServer'
[2021.01.08-07.59.47:777][  0]LogTargetPlatformManager: Display: Building Assets For Windows
[2021.01.08-07.59.47:783][  0]LogAudioDebug: Display: Lib vorbis DLL was dynamically loaded.
[2021.01.08-07.59.47:824][  0]LogShaderCompilers: Guid format shader working directory is -43 characters bigger than the processId version (../../../../../COLLAB 2021/CollabPrototype2RPG6/CollabPrototype2RPG6/CollabPrototype2RPG/Intermediate/Shaders/WorkingDirectory/20240/).
[2021.01.08-07.59.47:825][  0]LogShaderCompilers: Cleaned the shader compiler working directory 'C:/Users/Billy/AppData/Local/Temp/UnrealShaderWorkingDir/EB17DEB248B4589199AD1EA70820780E/'.
[2021.01.08-07.59.47:825][  0]LogXGEController: Cleaning working directory: C:/Users/Billy/AppData/Local/Temp/UnrealXGEWorkingDir/
[2021.01.08-07.59.47:825][  0]LogXGEController: Cannot use XGE Controller as Incredibuild is not installed on this machine.
[2021.01.08-07.59.47:825][  0]LogShaderCompilers: Cannot use XGE Shader Compiler as Incredibuild is not installed on this machine.
[2021.01.08-07.59.47:825][  0]LogShaderCompilers: Display: Using Local Shader Compiler.
[2021.01.08-07.59.48:383][  0]LogDerivedDataCache: Display: Max Cache Size: 512 MB
[2021.01.08-07.59.48:425][  0]LogDerivedDataCache: Loaded boot cache 0.04s 75MB C:/Users/Billy/AppData/Local/UnrealEngine/4.25/DerivedDataCache/Boot.ddc.
[2021.01.08-07.59.48:425][  0]LogDerivedDataCache: Display: Loaded Boot cache: C:/Users/Billy/AppData/Local/UnrealEngine/4.25/DerivedDataCache/Boot.ddc
[2021.01.08-07.59.48:425][  0]LogDerivedDataCache: FDerivedDataBackendGraph:  Pak pak cache file ../../../../../COLLAB 2021/CollabPrototype2RPG6/CollabPrototype2RPG6/CollabPrototype2RPG/DerivedDataCache/DDC.ddp not found, will not use a pak cache.
[2021.01.08-07.59.48:425][  0]LogDerivedDataCache: Unable to find inner node Pak for hierarchical cache Hierarchy.
[2021.01.08-07.59.48:425][  0]LogDerivedDataCache: FDerivedDataBackendGraph:  CompressedPak pak cache file ../../../../../COLLAB 2021/CollabPrototype2RPG6/CollabPrototype2RPG6/CollabPrototype2RPG/DerivedDataCache/Compressed.ddp not found, will not use a pak cache.
[2021.01.08-07.59.48:425][  0]LogDerivedDataCache: Unable to find inner node CompressedPak for hierarchical cache Hierarchy.
[2021.01.08-07.59.48:433][  0]LogDerivedDataCache: Display: Pak cache opened for reading ../../../Engine/DerivedDataCache/Compressed.ddp.
[2021.01.08-07.59.48:433][  0]LogDerivedDataCache: FDerivedDataBackendGraph:  EnterprisePak pak cache file ../../../Enterprise/DerivedDataCache/Compressed.ddp not found, will not use a pak cache.
[2021.01.08-07.59.48:433][  0]LogDerivedDataCache: Unable to find inner node EnterprisePak for hierarchical cache Hierarchy.
[2021.01.08-07.59.48:434][  0]LogDerivedDataCache: Using Local data cache path C:/Users/Billy/AppData/Local/UnrealEngine/Common/DerivedDataCache: Writable
[2021.01.08-07.59.48:434][  0]LogDerivedDataCache: Shared data cache path not found in *engine.ini, will not use an Shared cache.
[2021.01.08-07.59.48:434][  0]LogDerivedDataCache: Unable to find inner node Shared for hierarchical cache Hierarchy.
[2021.01.08-07.59.48:472][  0]LogSlate: Using FreeType 2.10.0
[2021.01.08-07.59.48:473][  0]LogSlate: SlateFontServices - WITH_FREETYPE: 1, WITH_HARFBUZZ: 1
[2021.01.08-07.59.48:490][  0]LogAssetRegistry: FAssetRegistry took 0.0018 seconds to start up
[2021.01.08-07.59.48:656][  0]LogInit: Selected Device Profile: [Windows]
[2021.01.08-07.59.48:738][  0]LogMeshReduction: Using QuadricMeshReduction for automatic static mesh reduction
[2021.01.08-07.59.48:738][  0]LogMeshReduction: Using SimplygonMeshReduction for automatic skeletal mesh reduction
[2021.01.08-07.59.48:738][  0]LogMeshReduction: Using ProxyLODMeshReduction for automatic mesh merging
[2021.01.08-07.59.48:738][  0]LogMeshReduction: No distributed automatic mesh merging module available
[2021.01.08-07.59.48:738][  0]LogMeshMerging: No distributed automatic mesh merging module available
[2021.01.08-07.59.48:749][  0]LogNetVersion: CollabPrototype2RPG 1.0.0, NetCL: 13144385, EngineNetVer: 14, GameNetVer: 0 (Checksum: 2179817022)
[2021.01.08-07.59.49:056][  0]LogAISub: UAISubsystem::UAISubsystem AISubsystem (0000020FF3FCDB00), frame # 0
[2021.01.08-07.59.49:056][  0]LogAISub: UAISubsystem::UAISubsystem AIPerceptionSystem (0000020FF3F16AC0), frame # 0
[2021.01.08-07.59.49:057][  0]LogAISub: UAISubsystem::UAISubsystem EnvQueryManager (0000020FF3F79E00), frame # 0
[2021.01.08-07.59.49:086][  0]LogPackageLocalizationCache: Processed 19 localized package path(s) for 1 prioritized culture(s) in 0.023976 seconds
[2021.01.08-07.59.49:089][  0]LogUObjectArray: 15917 objects as part of root set at end of initial load.
[2021.01.08-07.59.49:089][  0]LogUObjectAllocator: 3965568 out of 0 bytes used by permanent object pool.
[2021.01.08-07.59.49:089][  0]LogUObjectArray: CloseDisregardForGC: 0/0 objects in disregard for GC pool
[2021.01.08-07.59.49:326][  0]LogTcpMessaging: Initializing TcpMessaging bridge
[2021.01.08-07.59.49:329][  0]LogUdpMessaging: Initializing bridge on interface 0.0.0.0:0 to multicast group 230.0.0.1:6666.
[2021.01.08-07.59.49:385][  0]SourceControl: Source control is disabled
[2021.01.08-07.59.49:385][  0]SourceControl: Source control is disabled
[2021.01.08-07.59.49:387][  0]SourceControl: Source control is disabled
[2021.01.08-07.59.49:389][  0]SourceControl: Source control is disabled
[2021.01.08-07.59.49:394][  0]SourceControl: Source control is disabled
[2021.01.08-07.59.49:574][  0]LogAndroidPermission: UAndroidPermissionCallbackProxy::GetInstance
[2021.01.08-07.59.49:590][  0]LogAudioCaptureCore: Display: No Audio Capture implementations found. Audio input will be silent.
[2021.01.08-07.59.49:590][  0]LogAudioCaptureCore: Display: No Audio Capture implementations found. Audio input will be silent.
[2021.01.08-07.59.49:629][  0]LogOcInput: OculusInput pre-init called
[2021.01.08-07.59.49:636][  0]LogWindows: Failed to load 'OVRPlugin.dll' (GetLastError=126)
[2021.01.08-07.59.49:636][  0]LogWindows: File 'OVRPlugin.dll' does not exist
[2021.01.08-07.59.49:683][  0]LogEngine: Initializing Engine...
[2021.01.08-07.59.49:684][  0]LogHMD: Failed to initialize OpenVR with code 110
[2021.01.08-07.59.49:684][  0]LogMagicLeap: Warning: VR disabled because ZI is not enabled.  To enable, in the editor, Edit -> Project Settings -> Plugins -> Magic Leap Plugin -> Enable Zero Iteration
[2021.01.08-07.59.49:684][  0]LogStats: UGameplayTagsManager::InitializeManager -  0.000 s
[2021.01.08-07.59.49:777][  0]LogInit: Initializing FReadOnlyCVARCache
[2021.01.08-07.59.49:783][  0]LogAIModule: Creating AISystem for world Untitled
[2021.01.08-07.59.49:783][  0]LogAISub: UAISubsystem::UAISubsystem EnvQueryManager (0000020FF586BC00), frame # 0
[2021.01.08-07.59.49:783][  0]LogAISub: UAISubsystem::UAISubsystem AIPerceptionSystem (0000020FF5931440), frame # 0
[2021.01.08-07.59.49:798][  0]LogAudioMixer: Display: Audio Mixer Platform Settings:
[2021.01.08-07.59.49:798][  0]LogAudioMixer: Display: 	Sample Rate:						  48000
[2021.01.08-07.59.49:798][  0]LogAudioMixer: Display: 	Callback Buffer Frame Size Requested: 1024
[2021.01.08-07.59.49:798][  0]LogAudioMixer: Display: 	Callback Buffer Frame Size To Use:	  1024
[2021.01.08-07.59.49:798][  0]LogAudioMixer: Display: 	Number of buffers to queue:			  2
[2021.01.08-07.59.49:798][  0]LogAudioMixer: Display: 	Max Channels (voices):				  32
[2021.01.08-07.59.49:798][  0]LogAudioMixer: Display: 	Number of Async Source Workers:		  0
[2021.01.08-07.59.49:798][  0]LogAudio: Display: AudioDevice MaxSources: 32
[2021.01.08-07.59.49:798][  0]LogAudio: Display: Using built-in audio occlusion.
[2021.01.08-07.59.49:798][  0]LogAudioMixer: Display: Initializing audio mixer.
[2021.01.08-07.59.49:814][  0]LogAudioMixer: Display: 0: FrontLeft
[2021.01.08-07.59.49:815][  0]LogAudioMixer: Display: 1: FrontRight
[2021.01.08-07.59.49:859][  0]LogAudioMixer: Display: Using Audio Device Speakers (Razer Kraken Ultimate)
[2021.01.08-07.59.49:861][  0]LogAudioMixer: Display: Initializing Sound Submixes...
[2021.01.08-07.59.49:862][  0]LogAudioMixer: Display: Creating Master Submix 'MasterSubmixDefault'
[2021.01.08-07.59.49:862][  0]LogAudioMixer: Display: Creating Master Submix 'MasterReverbSubmixDefault'
[2021.01.08-07.59.49:863][  0]LogAudioMixer: Display: Creating Master Submix 'MasterEQSubmixDefault'
[2021.01.08-07.59.49:864][  0]LogInit: FAudioDevice initialized.
[2021.01.08-07.59.49:864][  0]LogNetVersion: Set ProjectVersion to 1.0.0.0. Version Checksum will be recalculated on next use.
[2021.01.08-07.59.49:905][  0]LogDerivedDataCache: Saved boot cache 0.04s 75MB C:/Users/Billy/AppData/Local/UnrealEngine/4.25/DerivedDataCache/Boot.ddc.
[2021.01.08-07.59.49:906][  0]LogInit: Texture streaming: Enabled
[2021.01.08-07.59.49:921][  0]LogEngineSessionManager: EngineSessionManager initialized
[2021.01.08-07.59.49:921][  0]LogEngineSessionManager: EngineSessionManager sent abnormal shutdown report. Type=AbnormalShutdown, SessionId={35BC0472-46A8-1814-7010-4AB49EF23C2F}
[2021.01.08-07.59.49:921][  0]LogEditorSessionSummary: Verbose: Initializing EditorSessionSummaryWriter for editor session tracking
[2021.01.08-07.59.49:926][  0]LogEditorSessionSummary: EditorSessionSummaryWriter initialized
[2021.01.08-07.59.50:072][  0]LogInit: Transaction tracking system initialized
[2021.01.08-07.59.50:088][  0]BlueprintLog: New page: Editor Load
[2021.01.08-07.59.50:139][  0]LocalizationService: Localization service is disabled
[2021.01.08-07.59.50:254][  0]LogCook: Display: Max memory allowance for cook 16384mb min free memory 0mb
[2021.01.08-07.59.50:254][  0]LogCook: Display: Mobile HDR setting 1
[2021.01.08-07.59.50:366][  0]LogFileCache: Scanning file cache for directory 'D:/COLLAB 2021/CollabPrototype2RPG6/CollabPrototype2RPG6/CollabPrototype2RPG/Content/' took 0.00s
[2021.01.08-07.59.50:546][  0]SourceControl: Source control is disabled
[2021.01.08-07.59.50:546][  0]LogUnrealEdMisc: Loading editor; pre map load, took 4.544
[2021.01.08-07.59.50:546][  0]Cmd: MAP LOAD FILE="../../../../../COLLAB 2021/CollabPrototype2RPG6/CollabPrototype2RPG6/CollabPrototype2RPG/Content/Collab/Map_Cave_v2.umap" TEMPLATE=0 SHOWPROGRESS=1 FEATURELEVEL=3
[2021.01.08-07.59.50:546][  0]LightingResults: New page: Lighting Build
[2021.01.08-07.59.50:547][  0]LogWorld: UWorld::CleanupWorld for Untitled, bSessionEnded=true, bCleanupResources=true
[2021.01.08-07.59.50:547][  0]LogSlate: InvalidateAllWidgets triggered.  All widgets were invalidated
[2021.01.08-07.59.50:547][  0]MapCheck: New page: Map Check
[2021.01.08-07.59.50:547][  0]LightingResults: New page: Lighting Build
[2021.01.08-07.59.50:554][  0]LogAISub: UAISubsystem::~UAISubsystem EnvQueryManager (0000020FF586BC00), frame # 0
[2021.01.08-07.59.50:554][  0]LogAISub: UAISubsystem::~UAISubsystem AIPerceptionSystem (0000020FF5931440), frame # 0
[2021.01.08-07.59.50:555][  0]LogUObjectHash: Compacting FUObjectHashTables data took   0.53ms
[2021.01.08-07.59.51:130][  0]LogAIModule: Creating AISystem for world Map_Cave_v2
[2021.01.08-07.59.51:130][  0]LogAISub: UAISubsystem::UAISubsystem EnvQueryManager (0000020F8A56BE00), frame # 0
[2021.01.08-07.59.51:130][  0]LogAISub: UAISubsystem::UAISubsystem AIPerceptionSystem (0000020F81AC0A40), frame # 0
[2021.01.08-07.59.51:142][  0]LogScript: Warning: Accessed None trying to read property CallFunc_GetMovementComponent_ReturnValue
	ThirdPerson_AnimBP_C /Game/Collab/Map_Cave_v2.Map_Cave_v2:PersistentLevel.BossPawn_2.SkeletalMesh.ThirdPerson_AnimBP_C_0
	Function /Game/Mannequin/Animations/ThirdPerson_AnimBP.ThirdPerson_AnimBP_C:ExecuteUbergraph_ThirdPerson_AnimBP:0136
[2021.01.08-07.59.51:144][  0]LogScript: Warning: Accessed None trying to read property CallFunc_GetMovementComponent_ReturnValue
	ThirdPerson_AnimBP_C /Game/Collab/Map_Cave_v2.Map_Cave_v2:PersistentLevel.BossTallPawn_2.SkeletalMesh.ThirdPerson_AnimBP_C_0
	Function /Game/Mannequin/Animations/ThirdPerson_AnimBP.ThirdPerson_AnimBP_C:ExecuteUbergraph_ThirdPerson_AnimBP:0136
[2021.01.08-07.59.51:146][  0]LogScript: Warning: Accessed None trying to read property CallFunc_GetMovementComponent_ReturnValue
	ThirdPerson_AnimBP_C /Game/Collab/Map_Cave_v2.Map_Cave_v2:PersistentLevel.MeleeEnemyPawn_2.SkeletalMesh.ThirdPerson_AnimBP_C_0
	Function /Game/Mannequin/Animations/ThirdPerson_AnimBP.ThirdPerson_AnimBP_C:ExecuteUbergraph_ThirdPerson_AnimBP:0136
[2021.01.08-07.59.51:147][  0]LogScript: Warning: Accessed None trying to read property CallFunc_GetMovementComponent_ReturnValue
	ThirdPerson_AnimBP_C /Game/Collab/Map_Cave_v2.Map_Cave_v2:PersistentLevel.MeleeEnemyPawn2_5.SkeletalMesh.ThirdPerson_AnimBP_C_0
	Function /Game/Mannequin/Animations/ThirdPerson_AnimBP.ThirdPerson_AnimBP_C:ExecuteUbergraph_ThirdPerson_AnimBP:0136
[2021.01.08-07.59.51:149][  0]LogScript: Warning: Accessed None trying to read property CallFunc_GetMovementComponent_ReturnValue
	ThirdPerson_AnimBP_C /Game/Collab/Map_Cave_v2.Map_Cave_v2:PersistentLevel.MeleeEnemyPawn3_8.SkeletalMesh.ThirdPerson_AnimBP_C_0
	Function /Game/Mannequin/Animations/ThirdPerson_AnimBP.ThirdPerson_AnimBP_C:ExecuteUbergraph_ThirdPerson_AnimBP:0136
[2021.01.08-07.59.51:150][  0]LogScript: Warning: Accessed None trying to read property CallFunc_GetMovementComponent_ReturnValue
	ThirdPerson_AnimBP_C /Game/Collab/Map_Cave_v2.Map_Cave_v2:PersistentLevel.MeleeEnemyPawn4.SkeletalMesh.ThirdPerson_AnimBP_C_0
	Function /Game/Mannequin/Animations/ThirdPerson_AnimBP.ThirdPerson_AnimBP_C:ExecuteUbergraph_ThirdPerson_AnimBP:0136
[2021.01.08-07.59.51:152][  0]LogScript: Warning: Accessed None trying to read property CallFunc_GetMovementComponent_ReturnValue
	ThirdPerson_AnimBP_C /Game/Collab/Map_Cave_v2.Map_Cave_v2:PersistentLevel.MeleeEnemyPawn5.SkeletalMesh.ThirdPerson_AnimBP_C_0
	Function /Game/Mannequin/Animations/ThirdPerson_AnimBP.ThirdPerson_AnimBP_C:ExecuteUbergraph_ThirdPerson_AnimBP:0136
[2021.01.08-07.59.51:153][  0]LogScript: Warning: Accessed None trying to read property CallFunc_GetMovementComponent_ReturnValue
	ThirdPerson_AnimBP_C /Game/Collab/Map_Cave_v2.Map_Cave_v2:PersistentLevel.MeleeEnemyPawn6.SkeletalMesh.ThirdPerson_AnimBP_C_0
	Function /Game/Mannequin/Animations/ThirdPerson_AnimBP.ThirdPerson_AnimBP_C:ExecuteUbergraph_ThirdPerson_AnimBP:0136
[2021.01.08-07.59.51:155][  0]LogScript: Warning: Accessed None trying to read property CallFunc_GetMovementComponent_ReturnValue
	ThirdPerson_AnimBP_C /Game/Collab/Map_Cave_v2.Map_Cave_v2:PersistentLevel.MeleeEnemyPawn7.SkeletalMesh.ThirdPerson_AnimBP_C_0
	Function /Game/Mannequin/Animations/ThirdPerson_AnimBP.ThirdPerson_AnimBP_C:ExecuteUbergraph_ThirdPerson_AnimBP:0136
[2021.01.08-07.59.51:156][  0]LogScript: Warning: Accessed None trying to read property CallFunc_GetMovementComponent_ReturnValue
	ThirdPerson_AnimBP_C /Game/Collab/Map_Cave_v2.Map_Cave_v2:PersistentLevel.MeleeEnemyPawn8.SkeletalMesh.ThirdPerson_AnimBP_C_0
	Function /Game/Mannequin/Animations/ThirdPerson_AnimBP.ThirdPerson_AnimBP_C:ExecuteUbergraph_ThirdPerson_AnimBP:0136
[2021.01.08-07.59.51:158][  0]LogScript: Warning: Accessed None trying to read property CallFunc_GetMovementComponent_ReturnValue
	ThirdPerson_AnimBP_C /Game/Collab/Map_Cave_v2.Map_Cave_v2:PersistentLevel.MeleeEnemyPawn9.SkeletalMesh.ThirdPerson_AnimBP_C_0
	Function /Game/Mannequin/Animations/ThirdPerson_AnimBP.ThirdPerson_AnimBP_C:ExecuteUbergraph_ThirdPerson_AnimBP:0136
[2021.01.08-07.59.51:159][  0]LogEditorServer: Finished looking for orphan Actors (0.000 secs)
[2021.01.08-07.59.51:160][  0]LogNavigationDataBuild: Display:    Building NavData:  Name Default class /Script/NavigationSystem.RecastNavMesh agent radius 35.0.
[2021.01.08-07.59.51:172][  0]LogUObjectHash: Compacting FUObjectHashTables data took   0.88ms
[2021.01.08-07.59.51:172][  0]Cmd: MAP CHECKDEP NOCLEARLOG
[2021.01.08-07.59.51:173][  0]MapCheck: Map check complete: 0 Error(s), 0 Warning(s), took 0.083ms to complete.
[2021.01.08-07.59.51:173][  0]LogFileHelpers: Loading map 'Map_Cave_v2' took 0.626
[2021.01.08-07.59.51:174][  0]LogUnrealEdMisc: Total Editor Startup Time, took 5.172
[2021.01.08-07.59.51:560][  0]LogSlate: Updating window title bar state: overlay mode, drag disabled, window buttons hidden, title bar hidden
[2021.01.08-07.59.51:566][  0]LogSlate: Updating window title bar state: overlay mode, drag disabled, window buttons hidden, title bar hidden
[2021.01.08-07.59.51:571][  0]LogSlate: Updating window title bar state: overlay mode, drag disabled, window buttons hidden, title bar hidden
[2021.01.08-07.59.51:577][  0]LogSlate: Updating window title bar state: overlay mode, drag disabled, window buttons hidden, title bar hidden
[2021.01.08-07.59.51:583][  0]LogCollectionManager: Loaded 0 collections in 0.000568 seconds
[2021.01.08-07.59.51:595][  0]LogFileCache: Scanning file cache for directory 'D:/COLLAB 2021/CollabPrototype2RPG6/CollabPrototype2RPG6/CollabPrototype2RPG/Saved/Collections/' took 0.00s
[2021.01.08-07.59.51:595][  0]LogFileCache: Scanning file cache for directory 'D:/COLLAB 2021/CollabPrototype2RPG6/CollabPrototype2RPG6/CollabPrototype2RPG/Content/Developers/Billy/Collections/' took 0.00s
[2021.01.08-07.59.51:595][  0]LogFileCache: Scanning file cache for directory 'D:/COLLAB 2021/CollabPrototype2RPG6/CollabPrototype2RPG6/CollabPrototype2RPG/Content/Collections/' took 0.00s
[2021.01.08-07.59.51:595][  0]LogContentBrowser: Native class hierarchy populated in 0.0068 seconds. Added 3427 classes and 821 folders.
[2021.01.08-07.59.51:597][  0]LogContentBrowser: Native class hierarchy updated for 'WidgetCarousel' in 0.0002 seconds. Added 0 classes and 0 folders.
[2021.01.08-07.59.51:628][  0]LogContentBrowser: Native class hierarchy updated for 'AddContentDialog' in 0.0002 seconds. Added 0 classes and 0 folders.
[2021.01.08-07.59.51:629][  0]LogContentBrowser: Native class hierarchy updated for 'SceneOutliner' in 0.0002 seconds. Added 2 classes and 0 folders.
[2021.01.08-07.59.51:741][  0]LogSlate: Took 0.000142 seconds to synchronously load lazily loaded font '../../../Engine/Content/Slate/Fonts/Roboto-Regular.ttf' (155K)
[2021.01.08-07.59.51:744][  0]LogSlate: Took 0.000155 seconds to synchronously load lazily loaded font '../../../Engine/Content/Slate/Fonts/Roboto-Bold.ttf' (160K)
[2021.01.08-07.59.51:746][  0]LogSlate: Took 0.000133 seconds to synchronously load lazily loaded font '../../../Engine/Content/Editor/Slate/Fonts/FontAwesome.ttf' (139K)
[2021.01.08-07.59.51:796][  0]LogRenderer: Reallocating scene render targets to support 1288x624 Format 10 NumSamples 1 (Frame:1).
[2021.01.08-07.59.51:870][  0]LogContentBrowser: Native class hierarchy updated for 'HierarchicalLODOutliner' in 0.0003 seconds. Added 0 classes and 0 folders.
[2021.01.08-07.59.51:870][  0]LogLoad: (Engine Initialization) Total time: 5.87 seconds
[2021.01.08-07.59.51:870][  0]LogLoad: (Engine Initialization) Total Blueprint compile time: 0.00 seconds
[2021.01.08-07.59.51:912][  0]LogAssetRegistry: Asset discovery search completed in 3.4228 seconds
[2021.01.08-07.59.51:916][  0]LogCollectionManager: Fixed up redirectors for 0 collections in 0.000002 seconds (updated 0 objects)
[2021.01.08-07.59.51:921][  0]LogContentStreaming: Texture pool size now 600 MB
[2021.01.08-07.59.51:943][  0]LogSlate: Took 0.000164 seconds to synchronously load lazily loaded font '../../../Engine/Content/Slate/Fonts/Roboto-Light.ttf' (167K)
[2021.01.08-07.59.56:006][418]LogEditorViewport: Clicking on Actor (LMB): Brush (Box Brush4)
[2021.01.08-08.00.05:014][369]LogEditorViewport: Clicking on Actor (context menu): Brush (Box Brush4)
[2021.01.08-08.00.52:328][134]LogSlate: Took 0.000165 seconds to synchronously load lazily loaded font '../../../Engine/Content/Slate/Fonts/Roboto-Light.ttf' (167K)
[2021.01.08-08.00.52:367][134]LogAssetEditorSubsystem: Opening Asset editor for World /Game/Collab/Map_Cave_v2.Map_Cave_v2
[2021.01.08-08.00.52:418][134]LogUObjectHash: Compacting FUObjectHashTables data took   0.45ms
[2021.01.08-08.00.54:921][134]LogSlate: Window 'Save Content' being destroyed
[2021.01.08-08.00.55:182][134]LogUObjectHash: Compacting FUObjectHashTables data took   0.19ms
[2021.01.08-08.00.55:311][134]LogSavePackage: Moving '../../../../../COLLAB 2021/CollabPrototype2RPG6/CollabPrototype2RPG6/CollabPrototype2RPG/Saved/Map_Cave_v2A8FEDAF04E435293B9FF3C94A3BDEDFA.tmp' to '../../../../../COLLAB 2021/CollabPrototype2RPG6/CollabPrototype2RPG6/CollabPrototype2RPG/Content/Collab/Map_Cave_v2.umap'
[2021.01.08-08.00.55:349][134]LogFileHelpers: Saving map 'Map_Cave_v2' took 0.420
[2021.01.08-08.00.55:416][134]LogSavePackage: Moving '../../../../../COLLAB 2021/CollabPrototype2RPG6/CollabPrototype2RPG6/CollabPrototype2RPG/Saved/Map_Cave_v2_BuiltDataE226A1D744916EA7707FA5A907E0A6C5.tmp' to '../../../../../COLLAB 2021/CollabPrototype2RPG6/CollabPrototype2RPG6/CollabPrototype2RPG/Content/Collab/Map_Cave_v2_BuiltData.uasset'
[2021.01.08-08.00.55:417][134]Cmd: MAP LOAD FILE="../../../../../COLLAB 2021/CollabPrototype2RPG6/CollabPrototype2RPG6/CollabPrototype2RPG/Content/Collab/Map_Cave_v2.umap" TEMPLATE=0 SHOWPROGRESS=1 FEATURELEVEL=3
[2021.01.08-08.00.55:417][134]LightingResults: New page: Lighting Build
[2021.01.08-08.00.55:417][134]LoadErrors: New page: Loading map: Map_Cave_v2.umap
[2021.01.08-08.00.55:419][134]LogWorld: UWorld::CleanupWorld for Map_Cave_v2, bSessionEnded=true, bCleanupResources=true
[2021.01.08-08.00.55:419][134]LogSlate: InvalidateAllWidgets triggered.  All widgets were invalidated
[2021.01.08-08.00.55:419][134]MapCheck: New page: Map Check
[2021.01.08-08.00.55:419][134]LightingResults: New page: Lighting Build
[2021.01.08-08.00.55:486][134]LogAISub: UAISubsystem::~UAISubsystem EnvQueryManager (0000020F8A56BE00), frame # 3134
[2021.01.08-08.00.55:486][134]LogAISub: UAISubsystem::~UAISubsystem AIPerceptionSystem (0000020F81AC0A40), frame # 3134
[2021.01.08-08.00.55:486][134]LogUObjectHash: Compacting FUObjectHashTables data took   0.54ms
[2021.01.08-08.00.55:507][134]LogAIModule: Creating AISystem for world Map_Cave_v2
[2021.01.08-08.00.55:507][134]LogAISub: UAISubsystem::UAISubsystem EnvQueryManager (0000020F99B94E00), frame # 3134
[2021.01.08-08.00.55:507][134]LogAISub: UAISubsystem::UAISubsystem AIPerceptionSystem (0000020F81B02AC0), frame # 3134
[2021.01.08-08.00.55:514][134]LogScript: Warning: Accessed None trying to read property CallFunc_GetMovementComponent_ReturnValue
	ThirdPerson_AnimBP_C /Game/Collab/Map_Cave_v2.Map_Cave_v2:PersistentLevel.BossPawn_2.SkeletalMesh.ThirdPerson_AnimBP_C_0
	Function /Game/Mannequin/Animations/ThirdPerson_AnimBP.ThirdPerson_AnimBP_C:ExecuteUbergraph_ThirdPerson_AnimBP:0136
[2021.01.08-08.00.55:516][134]LogScript: Warning: Accessed None trying to read property CallFunc_GetMovementComponent_ReturnValue
	ThirdPerson_AnimBP_C /Game/Collab/Map_Cave_v2.Map_Cave_v2:PersistentLevel.BossTallPawn_2.SkeletalMesh.ThirdPerson_AnimBP_C_0
	Function /Game/Mannequin/Animations/ThirdPerson_AnimBP.ThirdPerson_AnimBP_C:ExecuteUbergraph_ThirdPerson_AnimBP:0136
[2021.01.08-08.00.55:517][134]LogScript: Warning: Accessed None trying to read property CallFunc_GetMovementComponent_ReturnValue
	ThirdPerson_AnimBP_C /Game/Collab/Map_Cave_v2.Map_Cave_v2:PersistentLevel.MeleeEnemyPawn_2.SkeletalMesh.ThirdPerson_AnimBP_C_0
	Function /Game/Mannequin/Animations/ThirdPerson_AnimBP.ThirdPerson_AnimBP_C:ExecuteUbergraph_ThirdPerson_AnimBP:0136
[2021.01.08-08.00.55:519][134]LogScript: Warning: Accessed None trying to read property CallFunc_GetMovementComponent_ReturnValue
	ThirdPerson_AnimBP_C /Game/Collab/Map_Cave_v2.Map_Cave_v2:PersistentLevel.MeleeEnemyPawn2_5.SkeletalMesh.ThirdPerson_AnimBP_C_0
	Function /Game/Mannequin/Animations/ThirdPerson_AnimBP.ThirdPerson_AnimBP_C:ExecuteUbergraph_ThirdPerson_AnimBP:0136
[2021.01.08-08.00.55:520][134]LogScript: Warning: Accessed None trying to read property CallFunc_GetMovementComponent_ReturnValue
	ThirdPerson_AnimBP_C /Game/Collab/Map_Cave_v2.Map_Cave_v2:PersistentLevel.MeleeEnemyPawn3_8.SkeletalMesh.ThirdPerson_AnimBP_C_0
	Function /Game/Mannequin/Animations/ThirdPerson_AnimBP.ThirdPerson_AnimBP_C:ExecuteUbergraph_ThirdPerson_AnimBP:0136
[2021.01.08-08.00.55:522][134]LogScript: Warning: Accessed None trying to read property CallFunc_GetMovementComponent_ReturnValue
	ThirdPerson_AnimBP_C /Game/Collab/Map_Cave_v2.Map_Cave_v2:PersistentLevel.MeleeEnemyPawn4.SkeletalMesh.ThirdPerson_AnimBP_C_0
	Function /Game/Mannequin/Animations/ThirdPerson_AnimBP.ThirdPerson_AnimBP_C:ExecuteUbergraph_ThirdPerson_AnimBP:0136
[2021.01.08-08.00.55:652][134]LogEditorServer: Finished looking for orphan Actors (0.000 secs)
[2021.01.08-08.00.55:653][134]LogNavigationDataBuild: Display:    Building NavData:  Name Default class /Script/NavigationSystem.RecastNavMesh agent radius 35.0.
[2021.01.08-08.00.55:662][134]LogUObjectHash: Compacting FUObjectHashTables data took   0.59ms
[2021.01.08-08.00.55:681][134]Cmd: MAP CHECKDEP NOCLEARLOG
[2021.01.08-08.00.55:681][134]MapCheck: Map check complete: 0 Error(s), 0 Warning(s), took 0.061ms to complete.
[2021.01.08-08.00.55:681][134]LogFileHelpers: Loading map 'Map_Cave_v2' took 0.263
[2021.01.08-08.00.55:749][134]AssetCheck: New page: Asset Save: multiple assets
[2021.01.08-08.00.55:749][134]LogContentValidation: Display: Validating World /Game/Collab/Map_Cave_v2.Map_Cave_v2
[2021.01.08-08.00.55:749][134]LogContentValidation: Display: Validating MapBuildDataRegistry /Game/Collab/Map_Cave_v2_BuiltData.Map_Cave_v2_BuiltData
[2021.01.08-08.00.57:919][342]LogTemp: Repeating last play command: Selected Viewport
[2021.01.08-08.00.57:931][342]LogPlayLevel: PlayLevel: No blueprints needed recompiling
[2021.01.08-08.00.57:931][342]PIE: New page: PIE session: Map_Cave_v2 (8 Jan 2021, 08:00:57)
[2021.01.08-08.00.57:932][342]LogOnline: OSS: Creating online subsystem instance for: NULL
[2021.01.08-08.00.57:933][342]LogOnline: OSS: TryLoadSubsystemAndSetDefault: Loaded subsystem for module [NULL]
[2021.01.08-08.00.57:933][342]LogPlayLevel: Creating play world package: /Game/Collab/UEDPIE_0_Map_Cave_v2
[2021.01.08-08.00.57:947][342]LogPlayLevel: PIE: StaticDuplicateObject took: (0.014653s)
[2021.01.08-08.00.57:948][342]LogAIModule: Creating AISystem for world Map_Cave_v2
[2021.01.08-08.00.57:948][342]LogAISub: UAISubsystem::UAISubsystem EnvQueryManager (0000020F9F1D3E00), frame # 3342
[2021.01.08-08.00.57:948][342]LogAISub: UAISubsystem::UAISubsystem AIPerceptionSystem (0000020F89928A40), frame # 3342
[2021.01.08-08.00.57:948][342]LogPlayLevel: PIE: World Init took: (0.000903s)
[2021.01.08-08.00.57:948][342]LogPlayLevel: PIE: Created PIE world by copying editor world from /Game/Collab/Map_Cave_v2.Map_Cave_v2 to /Game/Collab/UEDPIE_0_Map_Cave_v2.Map_Cave_v2 (0.015662s)
[2021.01.08-08.00.57:956][342]LogUObjectHash: Compacting FUObjectHashTables data took   0.46ms
[2021.01.08-08.00.57:957][342]LogAudioMixer: Display: Audio Mixer Platform Settings:
[2021.01.08-08.00.57:957][342]LogAudioMixer: Display: 	Sample Rate:						  48000
[2021.01.08-08.00.57:957][342]LogAudioMixer: Display: 	Callback Buffer Frame Size Requested: 1024
[2021.01.08-08.00.57:957][342]LogAudioMixer: Display: 	Callback Buffer Frame Size To Use:	  1024
[2021.01.08-08.00.57:957][342]LogAudioMixer: Display: 	Number of buffers to queue:			  2
[2021.01.08-08.00.57:957][342]LogAudioMixer: Display: 	Max Channels (voices):				  32
[2021.01.08-08.00.57:957][342]LogAudioMixer: Display: 	Number of Async Source Workers:		  0
[2021.01.08-08.00.57:957][342]LogAudio: Display: AudioDevice MaxSources: 32
[2021.01.08-08.00.57:957][342]LogAudio: Display: Using built-in audio occlusion.
[2021.01.08-08.00.57:957][342]LogAudioMixer: Display: Initializing audio mixer.
[2021.01.08-08.00.57:961][342]LogAudioMixer: Display: 0: FrontLeft
[2021.01.08-08.00.57:961][342]LogAudioMixer: Display: 1: FrontRight
[2021.01.08-08.00.57:990][342]LogAudioMixer: Display: Using Audio Device Speakers (Razer Kraken Ultimate)
[2021.01.08-08.00.57:990][342]LogAudioMixer: Display: Initializing Sound Submixes...
[2021.01.08-08.00.57:990][342]LogAudioMixer: Display: Creating Master Submix 'MasterSubmixDefault'
[2021.01.08-08.00.57:990][342]LogAudioMixer: Display: Creating Master Submix 'MasterReverbSubmixDefault'
[2021.01.08-08.00.57:990][342]LogAudioMixer: Display: Creating Master Submix 'MasterEQSubmixDefault'
[2021.01.08-08.00.58:001][342]LogInit: FAudioDevice initialized.
[2021.01.08-08.00.58:009][342]LogLoad: Game class is 'TopDownGameMode_C'
[2021.01.08-08.00.58:014][342]LogWorld: Bringing World /Game/Collab/UEDPIE_0_Map_Cave_v2.Map_Cave_v2 up for play (max tick rate 0) at 2021.01.08-08.00.58
[2021.01.08-08.00.58:015][342]LogWorld: Bringing up level for play took: 0.005664
[2021.01.08-08.00.58:015][342]LogOnline: OSS: Creating online subsystem instance for: :Context_2
[2021.01.08-08.00.58:017][342]LogContentBrowser: Native class hierarchy updated for 'MovieSceneCapture' in 0.0002 seconds. Added 20 classes and 0 folders.
[2021.01.08-08.00.58:022][342]PIE: Server logged in
[2021.01.08-08.00.58:023][342]PIE: Play in editor total start time 0.095 seconds.
[2021.01.08-08.00.58:766][430]LogBlueprintUserMessages: [TopDownGameMode_C_0] warrior
[2021.01.08-08.01.03:399][430]LogScript: Warning: Runaway loop detected (over 1,000,000 iterations) - see log for stack trace
	NewWanderNode_C /Game/Collab/UEDPIE_0_Map_Cave_v2.Map_Cave_v2:PersistentLevel.MeleeController_C_0.BTComponent.NewWanderNode_C_0
	Function /Game/Collab/AI/Behaviour/Service/NewWanderNode.NewWanderNode_C:ExecuteUbergraph_NewWanderNode:000A
[2021.01.08-08.01.03:399][430]PIE: Error: Infinite loop detected. Blueprint:  NewWanderNode Function:  SetActorLocation Call Stack:  Show
[2021.01.08-08.01.08:203][430]LogScript: Warning: Runaway loop detected (over 1,000,000 iterations) - see log for stack trace
	NewWanderNode_C /Game/Collab/UEDPIE_0_Map_Cave_v2.Map_Cave_v2:PersistentLevel.MeleeController_C_4.BTComponent.NewWanderNode_C_0
	Function /Game/Collab/AI/Behaviour/Service/NewWanderNode.NewWanderNode_C:ExecuteUbergraph_NewWanderNode:000A
[2021.01.08-08.01.08:203][430]PIE: Error: Infinite loop detected. Blueprint:  NewWanderNode Function:  SetActorLocation Call Stack:  Show
[2021.01.08-08.01.08:836][430]LogSlate: Updating window title bar state: overlay mode, drag disabled, window buttons hidden, title bar hidden
[2021.01.08-08.01.08:836][430]LogWorld: BeginTearingDown for /Game/Collab/UEDPIE_0_Map_Cave_v2
[2021.01.08-08.01.08:837][430]LogWorld: UWorld::CleanupWorld for Map_Cave_v2, bSessionEnded=true, bCleanupResources=true
[2021.01.08-08.01.08:837][430]LogSlate: InvalidateAllWidgets triggered.  All widgets were invalidated
[2021.01.08-08.01.08:915][430]LogPlayLevel: Display: Shutting down PIE online subsystems
[2021.01.08-08.01.09:112][430]LogSlate: InvalidateAllWidgets triggered.  All widgets were invalidated
[2021.01.08-08.01.09:144][430]LogSlate: Updating window title bar state: overlay mode, drag disabled, window buttons hidden, title bar hidden
[2021.01.08-08.01.10:097][430]LogAISub: UAISubsystem::~UAISubsystem EnvQueryManager (0000020F9F1D3E00), frame # 3430
[2021.01.08-08.01.10:098][430]LogAISub: UAISubsystem::~UAISubsystem AIPerceptionSystem (0000020F89928A40), frame # 3430
